Copyright 1986-2020 Xilinx, Inc. All Rights Reserved.
------------------------------------------------------------------------------------
| Tool Version : Vivado v.2020.2 (lin64) Build 3064766 Wed Nov 18 09:12:47 MST 2020
| Date         : Sun Apr 14 20:27:12 2024
| Host         : localhost.localdomain running 64-bit openSUSE Leap 15.4
| Command      : upgrade_ip
| Device       : xc7z020clg484-1
------------------------------------------------------------------------------------

Upgrade Log for IP 'Cortex_A9_fpadd_ip_0_0'

1. Summary
----------

CAUTION (success, with warnings) in the upgrade of Cortex_A9_fpadd_ip_0_0 (xilinx.com:user:fpadd_ip:1.0) from (Rev. 1) to (Rev. 4)

After upgrade, an IP may have parameter and port differences compared to the original customization. Please review the parameters within the IP customization GUI to ensure proper functionality. Also, please review the updated IP instantiation template to ensure proper connectivity, and update your design if required.

2. Interface Information
------------------------

Detected external interface differences while upgrading 'Cortex_A9_fpadd_ip_0_0'.


-Upgrade has added interface 'rst' (xilinx.com:signal:reset:1.0)


3. Connection Warnings
----------------------

Detected external port differences while upgrading 'Cortex_A9_fpadd_ip_0_0'. These changes may impact your design.


-Upgrade has added port 'a0'

-Upgrade has added port 'a1'

-Upgrade has added port 'an0'

-Upgrade has added port 'an1'

-Upgrade has added port 'b0'

-Upgrade has added port 'b1'

-Upgrade has added port 'button'

-Upgrade has added port 'c0'

-Upgrade has added port 'c1'

-Upgrade has added port 'd0'

-Upgrade has added port 'd1'

-Upgrade has added port 'e0'

-Upgrade has added port 'e1'

-Upgrade has added port 'f0'

-Upgrade has added port 'f1'

-Upgrade has added port 'g0'

-Upgrade has added port 'g1'

-Upgrade has added port 'leds'

-Upgrade has added port 'rst'


