10:03:01 INFO  : Launching XSCT server: xsct -n  -interactive /home/inf2021/iathanasi/embedded/Embedded-Systems/lab2/step3/vitis/temp_xsdb_launch_script.tcl
10:03:01 INFO  : Registering command handlers for Vitis TCF services
10:03:04 INFO  : Platform repository initialization has completed.
10:03:05 INFO  : XSCT server has started successfully.
10:03:05 INFO  : plnx-install-location is set to ''
10:03:05 INFO  : Successfully done setting XSCT server connection channel  
10:03:05 INFO  : Successfully done query RDI_DATADIR 
10:03:05 INFO  : Successfully done setting workspace for the tool. 
10:04:03 INFO  : Result from executing command 'getProjects': fpadd_arm_platform
10:04:03 INFO  : Result from executing command 'getPlatforms': zedboard_202020_1|/opt/Xilinx/Vitis/2020.2/platforms/zedboard_202020_1/zedboard_202020_1.xpfm
10:05:20 INFO  : Result from executing command 'getProjects': fpadd_arm_platform
10:05:20 INFO  : Result from executing command 'getPlatforms': fpadd_arm_platform|/home/inf2021/iathanasi/embedded/Embedded-Systems/lab2/step3/vitis/fpadd_arm_platform/export/fpadd_arm_platform/fpadd_arm_platform.xpfm;zedboard_202020_1|/opt/Xilinx/Vitis/2020.2/platforms/zedboard_202020_1/zedboard_202020_1.xpfm
10:06:36 INFO  : Checking for BSP changes to sync application flags for project 'fpadd_arm_app'...
10:06:51 INFO  : Connected to target on host '127.0.0.1' and port '3121'.
10:06:52 INFO  : Jtag cable 'Digilent Zed 210248650917' is selected.
10:06:52 INFO  : 'jtag frequency' command is executed.
10:06:52 INFO  : Context for 'APU' is selected.
10:06:52 INFO  : System reset is completed.
10:06:55 INFO  : 'after 3000' command is executed.
10:06:55 INFO  : 'targets -set -filter {jtag_cable_name =~ "Digilent Zed 210248650917" && level==0 && jtag_device_ctx=="jsn-Zed-210248650917-23727093-0"}' command is executed.
10:06:57 INFO  : Device configured successfully with "/home/inf2021/iathanasi/embedded/Embedded-Systems/lab2/step3/vitis/fpadd_arm_app/_ide/bitstream/fpadd_arm.bit"
10:06:57 INFO  : Context for 'APU' is selected.
10:06:57 INFO  : Hardware design and registers information is loaded from '/home/inf2021/iathanasi/embedded/Embedded-Systems/lab2/step3/vitis/fpadd_arm_platform/export/fpadd_arm_platform/hw/fpadd_arm.xsa'.
10:06:57 INFO  : 'configparams force-mem-access 1' command is executed.
10:06:57 INFO  : Context for 'APU' is selected.
10:06:57 INFO  : Sourcing of '/home/inf2021/iathanasi/embedded/Embedded-Systems/lab2/step3/vitis/fpadd_arm_app/_ide/psinit/ps7_init.tcl' is done.
10:06:58 INFO  : 'ps7_init' command is executed.
10:06:58 INFO  : 'ps7_post_config' command is executed.
10:06:58 INFO  : Context for processor 'ps7_cortexa9_0' is selected.
10:06:58 INFO  : The application '/home/inf2021/iathanasi/embedded/Embedded-Systems/lab2/step3/vitis/fpadd_arm_app/Debug/fpadd_arm_app.elf' is downloaded to processor 'ps7_cortexa9_0'.
10:06:58 INFO  : 'configparams force-mem-access 0' command is executed.
10:06:58 INFO  : ----------------XSDB Script----------------
connect -url tcp:127.0.0.1:3121
targets -set -nocase -filter {name =~"APU*"}
rst -system
after 3000
targets -set -filter {jtag_cable_name =~ "Digilent Zed 210248650917" && level==0 && jtag_device_ctx=="jsn-Zed-210248650917-23727093-0"}
fpga -file /home/inf2021/iathanasi/embedded/Embedded-Systems/lab2/step3/vitis/fpadd_arm_app/_ide/bitstream/fpadd_arm.bit
targets -set -nocase -filter {name =~"APU*"}
loadhw -hw /home/inf2021/iathanasi/embedded/Embedded-Systems/lab2/step3/vitis/fpadd_arm_platform/export/fpadd_arm_platform/hw/fpadd_arm.xsa -mem-ranges [list {0x40000000 0xbfffffff}] -regs
configparams force-mem-access 1
targets -set -nocase -filter {name =~"APU*"}
source /home/inf2021/iathanasi/embedded/Embedded-Systems/lab2/step3/vitis/fpadd_arm_app/_ide/psinit/ps7_init.tcl
ps7_init
ps7_post_config
targets -set -nocase -filter {name =~ "*A9*#0"}
dow /home/inf2021/iathanasi/embedded/Embedded-Systems/lab2/step3/vitis/fpadd_arm_app/Debug/fpadd_arm_app.elf
configparams force-mem-access 0
----------------End of Script----------------

10:07:59 INFO  : Disconnected from the channel tcfchan#2.
10:08:27 INFO  : Checking for BSP changes to sync application flags for project 'fpadd_arm_app'...
10:08:41 INFO  : Connected to target on host '127.0.0.1' and port '3121'.
10:08:59 INFO  : ----------------XSDB Script----------------
connect -url tcp:127.0.0.1:3121
----------------End of Script----------------

10:08:59 ERROR : Could not find ARM device on the board for connection 'Local'.
Check if the target is in:
1. Split JTAG - No operations are possible with ARM DAP.
2. Non JTAG bootmode - Bootrom may need time to enable DAP.
Please try again.


Troubleshooting hints:
1. Check whether board is connected to system properly.
2. In case of zynq board, check whether Digilent/Xilinx cable switch settings are correct.
3. If you are using Xilinx Platform Cable USB, ensure that status LED is green.
10:09:08 INFO  : Connected to target on host '127.0.0.1' and port '3121'.
10:09:26 INFO  : ----------------XSDB Script----------------
connect -url tcp:127.0.0.1:3121
----------------End of Script----------------

10:09:26 ERROR : Could not find ARM device on the board for connection 'Local'.
Check if the target is in:
1. Split JTAG - No operations are possible with ARM DAP.
2. Non JTAG bootmode - Bootrom may need time to enable DAP.
Please try again.


Troubleshooting hints:
1. Check whether board is connected to system properly.
2. In case of zynq board, check whether Digilent/Xilinx cable switch settings are correct.
3. If you are using Xilinx Platform Cable USB, ensure that status LED is green.
10:09:55 INFO  : Connected to target on host '127.0.0.1' and port '3121'.
10:10:13 INFO  : ----------------XSDB Script----------------
connect -url tcp:127.0.0.1:3121
----------------End of Script----------------

10:10:13 ERROR : Could not find ARM device on the board for connection 'Local'.
Check if the target is in:
1. Split JTAG - No operations are possible with ARM DAP.
2. Non JTAG bootmode - Bootrom may need time to enable DAP.
Please try again.


Troubleshooting hints:
1. Check whether board is connected to system properly.
2. In case of zynq board, check whether Digilent/Xilinx cable switch settings are correct.
3. If you are using Xilinx Platform Cable USB, ensure that status LED is green.
10:10:27 INFO  : Launching XSCT server: xsct -n  -interactive /home/inf2021/iathanasi/embedded/Embedded-Systems/lab2/step3/vitis/temp_xsdb_launch_script.tcl
10:10:31 INFO  : XSCT server has started successfully.
10:10:31 INFO  : plnx-install-location is set to ''
10:10:31 INFO  : Successfully done setting XSCT server connection channel  
10:10:31 INFO  : Successfully done setting workspace for the tool. 
10:10:33 INFO  : Platform repository initialization has completed.
10:10:33 INFO  : Successfully done query RDI_DATADIR 
10:10:33 INFO  : Registering command handlers for Vitis TCF services
10:11:01 INFO  : Checking for BSP changes to sync application flags for project 'fpadd_arm_app'...
10:11:09 INFO  : Connected to target on host '127.0.0.1' and port '3121'.
10:11:09 INFO  : Jtag cable 'Digilent Zed 210248650917' is selected.
10:11:09 INFO  : 'jtag frequency' command is executed.
10:11:09 INFO  : Context for 'APU' is selected.
10:11:10 INFO  : System reset is completed.
10:11:13 INFO  : 'after 3000' command is executed.
10:11:13 INFO  : 'targets -set -filter {jtag_cable_name =~ "Digilent Zed 210248650917" && level==0 && jtag_device_ctx=="jsn-Zed-210248650917-23727093-0"}' command is executed.
10:11:15 INFO  : Device configured successfully with "/home/inf2021/iathanasi/embedded/Embedded-Systems/lab2/step3/vitis/fpadd_arm_app/_ide/bitstream/fpadd_arm.bit"
10:11:15 INFO  : Context for 'APU' is selected.
10:11:15 INFO  : Hardware design and registers information is loaded from '/home/inf2021/iathanasi/embedded/Embedded-Systems/lab2/step3/vitis/fpadd_arm_platform/export/fpadd_arm_platform/hw/fpadd_arm.xsa'.
10:11:15 INFO  : 'configparams force-mem-access 1' command is executed.
10:11:15 INFO  : Context for 'APU' is selected.
10:11:15 INFO  : Sourcing of '/home/inf2021/iathanasi/embedded/Embedded-Systems/lab2/step3/vitis/fpadd_arm_app/_ide/psinit/ps7_init.tcl' is done.
10:11:16 INFO  : 'ps7_init' command is executed.
10:11:16 INFO  : 'ps7_post_config' command is executed.
10:11:16 INFO  : Context for processor 'ps7_cortexa9_0' is selected.
10:11:16 INFO  : The application '/home/inf2021/iathanasi/embedded/Embedded-Systems/lab2/step3/vitis/fpadd_arm_app/Debug/fpadd_arm_app.elf' is downloaded to processor 'ps7_cortexa9_0'.
10:11:16 INFO  : 'configparams force-mem-access 0' command is executed.
10:11:16 INFO  : ----------------XSDB Script----------------
connect -url tcp:127.0.0.1:3121
targets -set -nocase -filter {name =~"APU*"}
rst -system
after 3000
targets -set -filter {jtag_cable_name =~ "Digilent Zed 210248650917" && level==0 && jtag_device_ctx=="jsn-Zed-210248650917-23727093-0"}
fpga -file /home/inf2021/iathanasi/embedded/Embedded-Systems/lab2/step3/vitis/fpadd_arm_app/_ide/bitstream/fpadd_arm.bit
targets -set -nocase -filter {name =~"APU*"}
loadhw -hw /home/inf2021/iathanasi/embedded/Embedded-Systems/lab2/step3/vitis/fpadd_arm_platform/export/fpadd_arm_platform/hw/fpadd_arm.xsa -mem-ranges [list {0x40000000 0xbfffffff}] -regs
configparams force-mem-access 1
targets -set -nocase -filter {name =~"APU*"}
source /home/inf2021/iathanasi/embedded/Embedded-Systems/lab2/step3/vitis/fpadd_arm_app/_ide/psinit/ps7_init.tcl
ps7_init
ps7_post_config
targets -set -nocase -filter {name =~ "*A9*#0"}
dow /home/inf2021/iathanasi/embedded/Embedded-Systems/lab2/step3/vitis/fpadd_arm_app/Debug/fpadd_arm_app.elf
configparams force-mem-access 0
----------------End of Script----------------

10:11:45 INFO  : Disconnected from the channel tcfchan#1.
10:23:56 WARN  : An unexpected exception occurred in the module 'platform project logging'
10:25:10 INFO  : Result from executing command 'getProjects': fpadd_arm_platform
10:25:10 INFO  : Result from executing command 'getPlatforms': zedboard_202020_1|/opt/Xilinx/Vitis/2020.2/platforms/zedboard_202020_1/zedboard_202020_1.xpfm
10:25:36 INFO  : Result from executing command 'getProjects': fpadd_arm_platform
10:25:36 INFO  : Result from executing command 'getPlatforms': fpadd_arm_platform|/home/inf2021/iathanasi/embedded/Embedded-Systems/lab2/step3/vitis/fpadd_arm_platform/export/fpadd_arm_platform/fpadd_arm_platform.xpfm;zedboard_202020_1|/opt/Xilinx/Vitis/2020.2/platforms/zedboard_202020_1/zedboard_202020_1.xpfm
10:25:56 WARN  : Failed to closehw "/home/inf2021/iathanasi/embedded/Embedded-Systems/lab2/step3/vitis/fpadd_arm_platform/export/fpadd_arm_platform/hw/fpadd_arm.xsa"
Reason: Cannot close hw design '/home/inf2021/iathanasi/embedded/Embedded-Systems/lab2/step3/vitis/fpadd_arm_platform/export/fpadd_arm_platform/hw/fpadd_arm.xsa'.
Design is not opened in the current session.

10:27:47 INFO  : Checking for BSP changes to sync application flags for project 'fpadd_arm_app'...
10:27:58 INFO  : Connected to target on host '127.0.0.1' and port '3121'.
10:27:58 INFO  : Jtag cable 'Digilent Zed 210248650917' is selected.
10:27:58 INFO  : 'jtag frequency' command is executed.
10:27:58 INFO  : Context for 'APU' is selected.
10:27:58 INFO  : System reset is completed.
10:28:01 INFO  : 'after 3000' command is executed.
10:28:02 INFO  : 'targets -set -filter {jtag_cable_name =~ "Digilent Zed 210248650917" && level==0 && jtag_device_ctx=="jsn-Zed-210248650917-23727093-0"}' command is executed.
10:28:04 INFO  : Device configured successfully with "/home/inf2021/iathanasi/embedded/Embedded-Systems/lab2/step3/vitis/fpadd_arm_app/_ide/bitstream/fpadd_arm.bit"
10:28:04 INFO  : Context for 'APU' is selected.
10:28:04 INFO  : Hardware design and registers information is loaded from '/home/inf2021/iathanasi/embedded/Embedded-Systems/lab2/step3/vitis/fpadd_arm_platform/export/fpadd_arm_platform/hw/fpadd_arm.xsa'.
10:28:04 INFO  : 'configparams force-mem-access 1' command is executed.
10:28:04 INFO  : Context for 'APU' is selected.
10:28:04 INFO  : Sourcing of '/home/inf2021/iathanasi/embedded/Embedded-Systems/lab2/step3/vitis/fpadd_arm_app/_ide/psinit/ps7_init.tcl' is done.
10:28:04 INFO  : 'ps7_init' command is executed.
10:28:04 INFO  : 'ps7_post_config' command is executed.
10:28:05 INFO  : Context for processor 'ps7_cortexa9_0' is selected.
10:28:05 INFO  : The application '/home/inf2021/iathanasi/embedded/Embedded-Systems/lab2/step3/vitis/fpadd_arm_app/Debug/fpadd_arm_app.elf' is downloaded to processor 'ps7_cortexa9_0'.
10:28:05 INFO  : 'configparams force-mem-access 0' command is executed.
10:28:05 INFO  : ----------------XSDB Script----------------
connect -url tcp:127.0.0.1:3121
targets -set -nocase -filter {name =~"APU*"}
rst -system
after 3000
targets -set -filter {jtag_cable_name =~ "Digilent Zed 210248650917" && level==0 && jtag_device_ctx=="jsn-Zed-210248650917-23727093-0"}
fpga -file /home/inf2021/iathanasi/embedded/Embedded-Systems/lab2/step3/vitis/fpadd_arm_app/_ide/bitstream/fpadd_arm.bit
targets -set -nocase -filter {name =~"APU*"}
loadhw -hw /home/inf2021/iathanasi/embedded/Embedded-Systems/lab2/step3/vitis/fpadd_arm_platform/export/fpadd_arm_platform/hw/fpadd_arm.xsa -mem-ranges [list {0x40000000 0xbfffffff}] -regs
configparams force-mem-access 1
targets -set -nocase -filter {name =~"APU*"}
source /home/inf2021/iathanasi/embedded/Embedded-Systems/lab2/step3/vitis/fpadd_arm_app/_ide/psinit/ps7_init.tcl
ps7_init
ps7_post_config
targets -set -nocase -filter {name =~ "*A9*#0"}
dow /home/inf2021/iathanasi/embedded/Embedded-Systems/lab2/step3/vitis/fpadd_arm_app/Debug/fpadd_arm_app.elf
configparams force-mem-access 0
----------------End of Script----------------

10:29:56 INFO  : Disconnected from the channel tcfchan#3.
10:35:07 INFO  : Checking for BSP changes to sync application flags for project 'fpadd_arm_app'...
10:35:18 INFO  : Connected to target on host '127.0.0.1' and port '3121'.
10:35:18 INFO  : Jtag cable 'Digilent Zed 210248650917' is selected.
10:35:18 INFO  : 'jtag frequency' command is executed.
10:35:18 INFO  : Context for 'APU' is selected.
10:35:18 INFO  : System reset is completed.
10:35:21 INFO  : 'after 3000' command is executed.
10:35:21 INFO  : 'targets -set -filter {jtag_cable_name =~ "Digilent Zed 210248650917" && level==0 && jtag_device_ctx=="jsn-Zed-210248650917-23727093-0"}' command is executed.
10:35:23 INFO  : Device configured successfully with "/home/inf2021/iathanasi/embedded/Embedded-Systems/lab2/step3/vitis/fpadd_arm_app/_ide/bitstream/fpadd_arm.bit"
10:35:24 INFO  : Context for 'APU' is selected.
10:35:24 INFO  : Hardware design and registers information is loaded from '/home/inf2021/iathanasi/embedded/Embedded-Systems/lab2/step3/vitis/fpadd_arm_platform/export/fpadd_arm_platform/hw/fpadd_arm.xsa'.
10:35:24 INFO  : 'configparams force-mem-access 1' command is executed.
10:35:24 INFO  : Context for 'APU' is selected.
10:35:24 INFO  : Sourcing of '/home/inf2021/iathanasi/embedded/Embedded-Systems/lab2/step3/vitis/fpadd_arm_app/_ide/psinit/ps7_init.tcl' is done.
10:35:24 INFO  : 'ps7_init' command is executed.
10:35:24 INFO  : 'ps7_post_config' command is executed.
10:35:24 INFO  : Context for processor 'ps7_cortexa9_0' is selected.
10:35:24 INFO  : The application '/home/inf2021/iathanasi/embedded/Embedded-Systems/lab2/step3/vitis/fpadd_arm_app/Debug/fpadd_arm_app.elf' is downloaded to processor 'ps7_cortexa9_0'.
10:35:24 INFO  : 'configparams force-mem-access 0' command is executed.
10:35:24 INFO  : ----------------XSDB Script----------------
connect -url tcp:127.0.0.1:3121
targets -set -nocase -filter {name =~"APU*"}
rst -system
after 3000
targets -set -filter {jtag_cable_name =~ "Digilent Zed 210248650917" && level==0 && jtag_device_ctx=="jsn-Zed-210248650917-23727093-0"}
fpga -file /home/inf2021/iathanasi/embedded/Embedded-Systems/lab2/step3/vitis/fpadd_arm_app/_ide/bitstream/fpadd_arm.bit
targets -set -nocase -filter {name =~"APU*"}
loadhw -hw /home/inf2021/iathanasi/embedded/Embedded-Systems/lab2/step3/vitis/fpadd_arm_platform/export/fpadd_arm_platform/hw/fpadd_arm.xsa -mem-ranges [list {0x40000000 0xbfffffff}] -regs
configparams force-mem-access 1
targets -set -nocase -filter {name =~"APU*"}
source /home/inf2021/iathanasi/embedded/Embedded-Systems/lab2/step3/vitis/fpadd_arm_app/_ide/psinit/ps7_init.tcl
ps7_init
ps7_post_config
targets -set -nocase -filter {name =~ "*A9*#0"}
dow /home/inf2021/iathanasi/embedded/Embedded-Systems/lab2/step3/vitis/fpadd_arm_app/Debug/fpadd_arm_app.elf
configparams force-mem-access 0
----------------End of Script----------------

10:35:53 INFO  : Disconnected from the channel tcfchan#4.
10:35:58 INFO  : Checking for BSP changes to sync application flags for project 'fpadd_arm_app'...
10:36:07 INFO  : Checking for BSP changes to sync application flags for project 'fpadd_arm_app'...
10:36:11 INFO  : Connected to target on host '127.0.0.1' and port '3121'.
10:36:11 INFO  : Jtag cable 'Digilent Zed 210248650917' is selected.
10:36:11 INFO  : 'jtag frequency' command is executed.
10:36:11 INFO  : Context for 'APU' is selected.
10:36:11 INFO  : System reset is completed.
10:36:14 INFO  : 'after 3000' command is executed.
10:36:14 INFO  : 'targets -set -filter {jtag_cable_name =~ "Digilent Zed 210248650917" && level==0 && jtag_device_ctx=="jsn-Zed-210248650917-23727093-0"}' command is executed.
10:36:17 INFO  : Device configured successfully with "/home/inf2021/iathanasi/embedded/Embedded-Systems/lab2/step3/vitis/fpadd_arm_app/_ide/bitstream/fpadd_arm.bit"
10:36:17 INFO  : Context for 'APU' is selected.
10:36:17 INFO  : Hardware design and registers information is loaded from '/home/inf2021/iathanasi/embedded/Embedded-Systems/lab2/step3/vitis/fpadd_arm_platform/export/fpadd_arm_platform/hw/fpadd_arm.xsa'.
10:36:17 INFO  : 'configparams force-mem-access 1' command is executed.
10:36:17 INFO  : Context for 'APU' is selected.
10:36:17 INFO  : Sourcing of '/home/inf2021/iathanasi/embedded/Embedded-Systems/lab2/step3/vitis/fpadd_arm_app/_ide/psinit/ps7_init.tcl' is done.
10:36:17 INFO  : 'ps7_init' command is executed.
10:36:17 INFO  : 'ps7_post_config' command is executed.
10:36:17 INFO  : Context for processor 'ps7_cortexa9_0' is selected.
10:36:17 INFO  : The application '/home/inf2021/iathanasi/embedded/Embedded-Systems/lab2/step3/vitis/fpadd_arm_app/Debug/fpadd_arm_app.elf' is downloaded to processor 'ps7_cortexa9_0'.
10:36:18 INFO  : 'configparams force-mem-access 0' command is executed.
10:36:18 INFO  : ----------------XSDB Script----------------
connect -url tcp:127.0.0.1:3121
targets -set -nocase -filter {name =~"APU*"}
rst -system
after 3000
targets -set -filter {jtag_cable_name =~ "Digilent Zed 210248650917" && level==0 && jtag_device_ctx=="jsn-Zed-210248650917-23727093-0"}
fpga -file /home/inf2021/iathanasi/embedded/Embedded-Systems/lab2/step3/vitis/fpadd_arm_app/_ide/bitstream/fpadd_arm.bit
targets -set -nocase -filter {name =~"APU*"}
loadhw -hw /home/inf2021/iathanasi/embedded/Embedded-Systems/lab2/step3/vitis/fpadd_arm_platform/export/fpadd_arm_platform/hw/fpadd_arm.xsa -mem-ranges [list {0x40000000 0xbfffffff}] -regs
configparams force-mem-access 1
targets -set -nocase -filter {name =~"APU*"}
source /home/inf2021/iathanasi/embedded/Embedded-Systems/lab2/step3/vitis/fpadd_arm_app/_ide/psinit/ps7_init.tcl
ps7_init
ps7_post_config
targets -set -nocase -filter {name =~ "*A9*#0"}
dow /home/inf2021/iathanasi/embedded/Embedded-Systems/lab2/step3/vitis/fpadd_arm_app/Debug/fpadd_arm_app.elf
configparams force-mem-access 0
----------------End of Script----------------

10:37:00 INFO  : Disconnected from the channel tcfchan#5.
10:37:16 INFO  : Checking for BSP changes to sync application flags for project 'fpadd_arm_app'...
10:37:20 INFO  : Connected to target on host '127.0.0.1' and port '3121'.
10:37:20 INFO  : Jtag cable 'Digilent Zed 210248650917' is selected.
10:37:20 INFO  : 'jtag frequency' command is executed.
10:37:20 INFO  : Context for 'APU' is selected.
10:37:20 INFO  : System reset is completed.
10:37:23 INFO  : 'after 3000' command is executed.
10:37:23 INFO  : 'targets -set -filter {jtag_cable_name =~ "Digilent Zed 210248650917" && level==0 && jtag_device_ctx=="jsn-Zed-210248650917-23727093-0"}' command is executed.
10:37:26 INFO  : Device configured successfully with "/home/inf2021/iathanasi/embedded/Embedded-Systems/lab2/step3/vitis/fpadd_arm_app/_ide/bitstream/fpadd_arm.bit"
10:37:26 INFO  : Context for 'APU' is selected.
10:37:26 INFO  : Hardware design and registers information is loaded from '/home/inf2021/iathanasi/embedded/Embedded-Systems/lab2/step3/vitis/fpadd_arm_platform/export/fpadd_arm_platform/hw/fpadd_arm.xsa'.
10:37:26 INFO  : 'configparams force-mem-access 1' command is executed.
10:37:26 INFO  : Context for 'APU' is selected.
10:37:26 INFO  : Sourcing of '/home/inf2021/iathanasi/embedded/Embedded-Systems/lab2/step3/vitis/fpadd_arm_app/_ide/psinit/ps7_init.tcl' is done.
10:37:26 INFO  : 'ps7_init' command is executed.
10:37:26 INFO  : 'ps7_post_config' command is executed.
10:37:26 INFO  : Context for processor 'ps7_cortexa9_0' is selected.
10:37:27 INFO  : The application '/home/inf2021/iathanasi/embedded/Embedded-Systems/lab2/step3/vitis/fpadd_arm_app/Debug/fpadd_arm_app.elf' is downloaded to processor 'ps7_cortexa9_0'.
10:37:27 INFO  : 'configparams force-mem-access 0' command is executed.
10:37:27 INFO  : ----------------XSDB Script----------------
connect -url tcp:127.0.0.1:3121
targets -set -nocase -filter {name =~"APU*"}
rst -system
after 3000
targets -set -filter {jtag_cable_name =~ "Digilent Zed 210248650917" && level==0 && jtag_device_ctx=="jsn-Zed-210248650917-23727093-0"}
fpga -file /home/inf2021/iathanasi/embedded/Embedded-Systems/lab2/step3/vitis/fpadd_arm_app/_ide/bitstream/fpadd_arm.bit
targets -set -nocase -filter {name =~"APU*"}
loadhw -hw /home/inf2021/iathanasi/embedded/Embedded-Systems/lab2/step3/vitis/fpadd_arm_platform/export/fpadd_arm_platform/hw/fpadd_arm.xsa -mem-ranges [list {0x40000000 0xbfffffff}] -regs
configparams force-mem-access 1
targets -set -nocase -filter {name =~"APU*"}
source /home/inf2021/iathanasi/embedded/Embedded-Systems/lab2/step3/vitis/fpadd_arm_app/_ide/psinit/ps7_init.tcl
ps7_init
ps7_post_config
targets -set -nocase -filter {name =~ "*A9*#0"}
dow /home/inf2021/iathanasi/embedded/Embedded-Systems/lab2/step3/vitis/fpadd_arm_app/Debug/fpadd_arm_app.elf
configparams force-mem-access 0
----------------End of Script----------------

10:37:36 INFO  : Disconnected from the channel tcfchan#6.
10:37:52 INFO  : Checking for BSP changes to sync application flags for project 'fpadd_arm_app'...
10:37:59 INFO  : Connected to target on host '127.0.0.1' and port '3121'.
10:38:00 INFO  : Jtag cable 'Digilent Zed 210248650917' is selected.
10:38:00 INFO  : 'jtag frequency' command is executed.
10:38:00 INFO  : Context for 'APU' is selected.
10:38:00 INFO  : System reset is completed.
10:38:03 INFO  : 'after 3000' command is executed.
10:38:03 INFO  : 'targets -set -filter {jtag_cable_name =~ "Digilent Zed 210248650917" && level==0 && jtag_device_ctx=="jsn-Zed-210248650917-23727093-0"}' command is executed.
10:38:05 INFO  : Device configured successfully with "/home/inf2021/iathanasi/embedded/Embedded-Systems/lab2/step3/vitis/fpadd_arm_app/_ide/bitstream/fpadd_arm.bit"
10:38:05 INFO  : Context for 'APU' is selected.
10:38:06 INFO  : Hardware design and registers information is loaded from '/home/inf2021/iathanasi/embedded/Embedded-Systems/lab2/step3/vitis/fpadd_arm_platform/export/fpadd_arm_platform/hw/fpadd_arm.xsa'.
10:38:06 INFO  : 'configparams force-mem-access 1' command is executed.
10:38:06 INFO  : Context for 'APU' is selected.
10:38:06 INFO  : Sourcing of '/home/inf2021/iathanasi/embedded/Embedded-Systems/lab2/step3/vitis/fpadd_arm_app/_ide/psinit/ps7_init.tcl' is done.
10:38:06 INFO  : 'ps7_init' command is executed.
10:38:06 INFO  : 'ps7_post_config' command is executed.
10:38:06 INFO  : Context for processor 'ps7_cortexa9_0' is selected.
10:38:06 INFO  : The application '/home/inf2021/iathanasi/embedded/Embedded-Systems/lab2/step3/vitis/fpadd_arm_app/Debug/fpadd_arm_app.elf' is downloaded to processor 'ps7_cortexa9_0'.
10:38:06 INFO  : 'configparams force-mem-access 0' command is executed.
10:38:06 INFO  : ----------------XSDB Script----------------
connect -url tcp:127.0.0.1:3121
targets -set -nocase -filter {name =~"APU*"}
rst -system
after 3000
targets -set -filter {jtag_cable_name =~ "Digilent Zed 210248650917" && level==0 && jtag_device_ctx=="jsn-Zed-210248650917-23727093-0"}
fpga -file /home/inf2021/iathanasi/embedded/Embedded-Systems/lab2/step3/vitis/fpadd_arm_app/_ide/bitstream/fpadd_arm.bit
targets -set -nocase -filter {name =~"APU*"}
loadhw -hw /home/inf2021/iathanasi/embedded/Embedded-Systems/lab2/step3/vitis/fpadd_arm_platform/export/fpadd_arm_platform/hw/fpadd_arm.xsa -mem-ranges [list {0x40000000 0xbfffffff}] -regs
configparams force-mem-access 1
targets -set -nocase -filter {name =~"APU*"}
source /home/inf2021/iathanasi/embedded/Embedded-Systems/lab2/step3/vitis/fpadd_arm_app/_ide/psinit/ps7_init.tcl
ps7_init
ps7_post_config
targets -set -nocase -filter {name =~ "*A9*#0"}
dow /home/inf2021/iathanasi/embedded/Embedded-Systems/lab2/step3/vitis/fpadd_arm_app/Debug/fpadd_arm_app.elf
configparams force-mem-access 0
----------------End of Script----------------

10:39:46 INFO  : Disconnected from the channel tcfchan#7.
10:39:48 INFO  : Checking for BSP changes to sync application flags for project 'fpadd_arm_app'...
10:41:23 INFO  : Checking for BSP changes to sync application flags for project 'fpadd_arm_app'...
10:41:27 INFO  : Connected to target on host '127.0.0.1' and port '3121'.
10:41:28 INFO  : Jtag cable 'Digilent Zed 210248650917' is selected.
10:41:28 INFO  : 'jtag frequency' command is executed.
10:41:28 INFO  : Context for 'APU' is selected.
10:41:28 INFO  : System reset is completed.
10:41:31 INFO  : 'after 3000' command is executed.
10:41:31 INFO  : 'targets -set -filter {jtag_cable_name =~ "Digilent Zed 210248650917" && level==0 && jtag_device_ctx=="jsn-Zed-210248650917-23727093-0"}' command is executed.
10:41:33 INFO  : Device configured successfully with "/home/inf2021/iathanasi/embedded/Embedded-Systems/lab2/step3/vitis/fpadd_arm_app/_ide/bitstream/fpadd_arm.bit"
10:41:34 INFO  : Context for 'APU' is selected.
10:41:34 INFO  : Hardware design and registers information is loaded from '/home/inf2021/iathanasi/embedded/Embedded-Systems/lab2/step3/vitis/fpadd_arm_platform/export/fpadd_arm_platform/hw/fpadd_arm.xsa'.
10:41:34 INFO  : 'configparams force-mem-access 1' command is executed.
10:41:34 INFO  : Context for 'APU' is selected.
10:41:34 INFO  : Sourcing of '/home/inf2021/iathanasi/embedded/Embedded-Systems/lab2/step3/vitis/fpadd_arm_app/_ide/psinit/ps7_init.tcl' is done.
10:41:34 INFO  : 'ps7_init' command is executed.
10:41:34 INFO  : 'ps7_post_config' command is executed.
10:41:34 INFO  : Context for processor 'ps7_cortexa9_0' is selected.
10:41:34 INFO  : The application '/home/inf2021/iathanasi/embedded/Embedded-Systems/lab2/step3/vitis/fpadd_arm_app/Debug/fpadd_arm_app.elf' is downloaded to processor 'ps7_cortexa9_0'.
10:41:34 INFO  : 'configparams force-mem-access 0' command is executed.
10:41:34 INFO  : ----------------XSDB Script----------------
connect -url tcp:127.0.0.1:3121
targets -set -nocase -filter {name =~"APU*"}
rst -system
after 3000
targets -set -filter {jtag_cable_name =~ "Digilent Zed 210248650917" && level==0 && jtag_device_ctx=="jsn-Zed-210248650917-23727093-0"}
fpga -file /home/inf2021/iathanasi/embedded/Embedded-Systems/lab2/step3/vitis/fpadd_arm_app/_ide/bitstream/fpadd_arm.bit
targets -set -nocase -filter {name =~"APU*"}
loadhw -hw /home/inf2021/iathanasi/embedded/Embedded-Systems/lab2/step3/vitis/fpadd_arm_platform/export/fpadd_arm_platform/hw/fpadd_arm.xsa -mem-ranges [list {0x40000000 0xbfffffff}] -regs
configparams force-mem-access 1
targets -set -nocase -filter {name =~"APU*"}
source /home/inf2021/iathanasi/embedded/Embedded-Systems/lab2/step3/vitis/fpadd_arm_app/_ide/psinit/ps7_init.tcl
ps7_init
ps7_post_config
targets -set -nocase -filter {name =~ "*A9*#0"}
dow /home/inf2021/iathanasi/embedded/Embedded-Systems/lab2/step3/vitis/fpadd_arm_app/Debug/fpadd_arm_app.elf
configparams force-mem-access 0
----------------End of Script----------------

10:42:49 INFO  : Disconnected from the channel tcfchan#8.
10:43:16 INFO  : Checking for BSP changes to sync application flags for project 'fpadd_arm_app'...
10:43:36 INFO  : Connected to target on host '127.0.0.1' and port '3121'.
10:43:36 INFO  : Jtag cable 'Digilent Zed 210248650917' is selected.
10:43:36 INFO  : 'jtag frequency' command is executed.
10:43:36 INFO  : Context for 'APU' is selected.
10:43:36 INFO  : System reset is completed.
10:43:39 INFO  : 'after 3000' command is executed.
10:43:39 INFO  : 'targets -set -filter {jtag_cable_name =~ "Digilent Zed 210248650917" && level==0 && jtag_device_ctx=="jsn-Zed-210248650917-23727093-0"}' command is executed.
10:43:42 INFO  : Device configured successfully with "/home/inf2021/iathanasi/embedded/Embedded-Systems/lab2/step3/vitis/fpadd_arm_app/_ide/bitstream/fpadd_arm.bit"
10:43:42 INFO  : Context for 'APU' is selected.
10:43:42 INFO  : Hardware design and registers information is loaded from '/home/inf2021/iathanasi/embedded/Embedded-Systems/lab2/step3/vitis/fpadd_arm_platform/export/fpadd_arm_platform/hw/fpadd_arm.xsa'.
10:43:42 INFO  : 'configparams force-mem-access 1' command is executed.
10:43:42 INFO  : Context for 'APU' is selected.
10:43:42 INFO  : Sourcing of '/home/inf2021/iathanasi/embedded/Embedded-Systems/lab2/step3/vitis/fpadd_arm_app/_ide/psinit/ps7_init.tcl' is done.
10:43:42 INFO  : 'ps7_init' command is executed.
10:43:42 INFO  : 'ps7_post_config' command is executed.
10:43:42 INFO  : Context for processor 'ps7_cortexa9_0' is selected.
10:43:42 INFO  : The application '/home/inf2021/iathanasi/embedded/Embedded-Systems/lab2/step3/vitis/fpadd_arm_app/Debug/fpadd_arm_app.elf' is downloaded to processor 'ps7_cortexa9_0'.
10:43:42 INFO  : 'configparams force-mem-access 0' command is executed.
10:43:42 INFO  : ----------------XSDB Script----------------
connect -url tcp:127.0.0.1:3121
targets -set -nocase -filter {name =~"APU*"}
rst -system
after 3000
targets -set -filter {jtag_cable_name =~ "Digilent Zed 210248650917" && level==0 && jtag_device_ctx=="jsn-Zed-210248650917-23727093-0"}
fpga -file /home/inf2021/iathanasi/embedded/Embedded-Systems/lab2/step3/vitis/fpadd_arm_app/_ide/bitstream/fpadd_arm.bit
targets -set -nocase -filter {name =~"APU*"}
loadhw -hw /home/inf2021/iathanasi/embedded/Embedded-Systems/lab2/step3/vitis/fpadd_arm_platform/export/fpadd_arm_platform/hw/fpadd_arm.xsa -mem-ranges [list {0x40000000 0xbfffffff}] -regs
configparams force-mem-access 1
targets -set -nocase -filter {name =~"APU*"}
source /home/inf2021/iathanasi/embedded/Embedded-Systems/lab2/step3/vitis/fpadd_arm_app/_ide/psinit/ps7_init.tcl
ps7_init
ps7_post_config
targets -set -nocase -filter {name =~ "*A9*#0"}
dow /home/inf2021/iathanasi/embedded/Embedded-Systems/lab2/step3/vitis/fpadd_arm_app/Debug/fpadd_arm_app.elf
configparams force-mem-access 0
----------------End of Script----------------

10:43:42 INFO  : Context for processor 'ps7_cortexa9_0' is selected.
10:43:42 INFO  : 'con' command is executed.
10:43:42 INFO  : ----------------XSDB Script (After Launch)----------------
targets -set -nocase -filter {name =~ "*A9*#0"}
con
----------------End of Script----------------

10:43:42 INFO  : Launch script is exported to file '/home/inf2021/iathanasi/embedded/Embedded-Systems/lab2/step3/vitis/fpadd_arm_app_system/_ide/scripts/debugger_fpadd_arm_app-default.tcl'
10:50:13 INFO  : Checking for BSP changes to sync application flags for project 'fpadd_arm_app'...
10:50:30 INFO  : Checking for BSP changes to sync application flags for project 'fpadd_arm_app'...
10:51:04 INFO  : Checking for BSP changes to sync application flags for project 'fpadd_arm_app'...
10:51:10 INFO  : Connected to target on host '127.0.0.1' and port '3121'.
10:51:10 INFO  : Jtag cable 'Digilent Zed 210248650917' is selected.
10:51:10 INFO  : 'jtag frequency' command is executed.
10:51:11 INFO  : Context for 'APU' is selected.
10:51:11 INFO  : System reset is completed.
10:51:14 INFO  : 'after 3000' command is executed.
10:51:14 INFO  : 'targets -set -filter {jtag_cable_name =~ "Digilent Zed 210248650917" && level==0 && jtag_device_ctx=="jsn-Zed-210248650917-23727093-0"}' command is executed.
10:51:16 INFO  : Device configured successfully with "/home/inf2021/iathanasi/embedded/Embedded-Systems/lab2/step3/vitis/fpadd_arm_app/_ide/bitstream/fpadd_arm.bit"
10:51:16 INFO  : Context for 'APU' is selected.
10:51:16 INFO  : Hardware design and registers information is loaded from '/home/inf2021/iathanasi/embedded/Embedded-Systems/lab2/step3/vitis/fpadd_arm_platform/export/fpadd_arm_platform/hw/fpadd_arm.xsa'.
10:51:16 INFO  : 'configparams force-mem-access 1' command is executed.
10:51:16 INFO  : Context for 'APU' is selected.
10:51:16 INFO  : Sourcing of '/home/inf2021/iathanasi/embedded/Embedded-Systems/lab2/step3/vitis/fpadd_arm_app/_ide/psinit/ps7_init.tcl' is done.
10:51:17 INFO  : 'ps7_init' command is executed.
10:51:17 INFO  : 'ps7_post_config' command is executed.
10:51:17 INFO  : Context for processor 'ps7_cortexa9_0' is selected.
10:51:17 INFO  : The application '/home/inf2021/iathanasi/embedded/Embedded-Systems/lab2/step3/vitis/fpadd_arm_app/Debug/fpadd_arm_app.elf' is downloaded to processor 'ps7_cortexa9_0'.
10:51:17 INFO  : 'configparams force-mem-access 0' command is executed.
10:51:17 INFO  : ----------------XSDB Script----------------
connect -url tcp:127.0.0.1:3121
targets -set -nocase -filter {name =~"APU*"}
rst -system
after 3000
targets -set -filter {jtag_cable_name =~ "Digilent Zed 210248650917" && level==0 && jtag_device_ctx=="jsn-Zed-210248650917-23727093-0"}
fpga -file /home/inf2021/iathanasi/embedded/Embedded-Systems/lab2/step3/vitis/fpadd_arm_app/_ide/bitstream/fpadd_arm.bit
targets -set -nocase -filter {name =~"APU*"}
loadhw -hw /home/inf2021/iathanasi/embedded/Embedded-Systems/lab2/step3/vitis/fpadd_arm_platform/export/fpadd_arm_platform/hw/fpadd_arm.xsa -mem-ranges [list {0x40000000 0xbfffffff}] -regs
configparams force-mem-access 1
targets -set -nocase -filter {name =~"APU*"}
source /home/inf2021/iathanasi/embedded/Embedded-Systems/lab2/step3/vitis/fpadd_arm_app/_ide/psinit/ps7_init.tcl
ps7_init
ps7_post_config
targets -set -nocase -filter {name =~ "*A9*#0"}
dow /home/inf2021/iathanasi/embedded/Embedded-Systems/lab2/step3/vitis/fpadd_arm_app/Debug/fpadd_arm_app.elf
configparams force-mem-access 0
----------------End of Script----------------

10:51:58 INFO  : Disconnected from the channel tcfchan#9.
10:52:32 WARN  : channel "tcfchan#9" closed
10:52:42 INFO  : Launching XSCT server: xsct -n  -interactive /home/inf2021/iathanasi/embedded/Embedded-Systems/lab2/step3/vitis/temp_xsdb_launch_script.tcl
10:52:46 INFO  : XSCT server has started successfully.
10:52:46 INFO  : Successfully done setting XSCT server connection channel  
10:52:46 INFO  : plnx-install-location is set to ''
10:52:46 INFO  : Successfully done setting workspace for the tool. 
10:52:52 INFO  : Checking for BSP changes to sync application flags for project 'fpadd_arm_app'...
10:52:52 ERROR : Failed to get platform details for the project 'fpadd_arm_app'. Cannot sync application flags.
10:52:53 INFO  : Platform repository initialization has completed.
10:52:53 INFO  : Registering command handlers for Vitis TCF services
10:52:54 INFO  : Successfully done query RDI_DATADIR 
10:53:00 INFO  : Checking for BSP changes to sync application flags for project 'fpadd_arm_app'...
10:53:09 INFO  : Connected to target on host '127.0.0.1' and port '3121'.
10:53:09 INFO  : Jtag cable 'Digilent Zed 210248650917' is selected.
10:53:09 INFO  : 'jtag frequency' command is executed.
10:53:09 INFO  : Context for 'APU' is selected.
10:53:09 INFO  : System reset is completed.
10:53:12 INFO  : 'after 3000' command is executed.
10:53:12 INFO  : 'targets -set -filter {jtag_cable_name =~ "Digilent Zed 210248650917" && level==0 && jtag_device_ctx=="jsn-Zed-210248650917-23727093-0"}' command is executed.
10:53:15 INFO  : Device configured successfully with "/home/inf2021/iathanasi/embedded/Embedded-Systems/lab2/step3/vitis/fpadd_arm_app/_ide/bitstream/fpadd_arm.bit"
10:53:15 INFO  : Context for 'APU' is selected.
10:53:15 INFO  : Hardware design and registers information is loaded from '/home/inf2021/iathanasi/embedded/Embedded-Systems/lab2/step3/vitis/fpadd_arm_platform/export/fpadd_arm_platform/hw/fpadd_arm.xsa'.
10:53:15 INFO  : 'configparams force-mem-access 1' command is executed.
10:53:15 INFO  : Context for 'APU' is selected.
10:53:15 INFO  : Sourcing of '/home/inf2021/iathanasi/embedded/Embedded-Systems/lab2/step3/vitis/fpadd_arm_app/_ide/psinit/ps7_init.tcl' is done.
10:53:15 INFO  : 'ps7_init' command is executed.
10:53:15 INFO  : 'ps7_post_config' command is executed.
10:53:15 INFO  : Context for processor 'ps7_cortexa9_0' is selected.
10:53:15 INFO  : The application '/home/inf2021/iathanasi/embedded/Embedded-Systems/lab2/step3/vitis/fpadd_arm_app/Debug/fpadd_arm_app.elf' is downloaded to processor 'ps7_cortexa9_0'.
10:53:15 INFO  : 'configparams force-mem-access 0' command is executed.
10:53:15 INFO  : ----------------XSDB Script----------------
connect -url tcp:127.0.0.1:3121
targets -set -nocase -filter {name =~"APU*"}
rst -system
after 3000
targets -set -filter {jtag_cable_name =~ "Digilent Zed 210248650917" && level==0 && jtag_device_ctx=="jsn-Zed-210248650917-23727093-0"}
fpga -file /home/inf2021/iathanasi/embedded/Embedded-Systems/lab2/step3/vitis/fpadd_arm_app/_ide/bitstream/fpadd_arm.bit
targets -set -nocase -filter {name =~"APU*"}
loadhw -hw /home/inf2021/iathanasi/embedded/Embedded-Systems/lab2/step3/vitis/fpadd_arm_platform/export/fpadd_arm_platform/hw/fpadd_arm.xsa -mem-ranges [list {0x40000000 0xbfffffff}] -regs
configparams force-mem-access 1
targets -set -nocase -filter {name =~"APU*"}
source /home/inf2021/iathanasi/embedded/Embedded-Systems/lab2/step3/vitis/fpadd_arm_app/_ide/psinit/ps7_init.tcl
ps7_init
ps7_post_config
targets -set -nocase -filter {name =~ "*A9*#0"}
dow /home/inf2021/iathanasi/embedded/Embedded-Systems/lab2/step3/vitis/fpadd_arm_app/Debug/fpadd_arm_app.elf
configparams force-mem-access 0
----------------End of Script----------------

