Nothing to build in platform 'profiling_arm'

18:49:00 **** Incremental Build of configuration Debug for project profiling_arm_app ****
make all 
make --no-print-directory pre-build
a9-linaro-pre-build-step
 
make --no-print-directory main-build
Building file: ../src/timer_util.c
Invoking: ARM v7 gcc compiler
arm-none-eabi-gcc -Wall -O0 -g3 -pg -c -fmessage-length=0 -MT"src/timer_util.o" -mcpu=cortex-a9 -mfpu=vfpv3 -mfloat-abi=hard -I/home/inf2021/iathanasi/embedded/Embedded-Systems/lab2/step2/Vitis/profiling_arm/export/profiling_arm/sw/profiling_arm/standalone_domain/bspinclude/include -MMD -MP -MF"src/timer_util.d" -MT"src/timer_util.o" -o "src/timer_util.o" "../src/timer_util.c"
Finished building: ../src/timer_util.c
 
Building target: profiling_arm_app.elf
Invoking: ARM v7 gcc linker
arm-none-eabi-gcc -mcpu=cortex-a9 -mfpu=vfpv3 -mfloat-abi=hard -Wl,-build-id=none -specs=Xilinx.spec -Wl,-T -Wl,../src/lscript.ld -L/home/inf2021/iathanasi/embedded/Embedded-Systems/lab2/step2/Vitis/profiling_arm/export/profiling_arm/sw/profiling_arm/standalone_domain/bsplib/lib -o "profiling_arm_app.elf"  ./src/timer_util.o   -Wl,--start-group,-lxil,-lgcc,-lc,--end-group
/opt/Xilinx/Vitis/2020.2/gnu/aarch32/lin/gcc-arm-none-eabi/x86_64-oesdk-linux/usr/bin/arm-xilinx-eabi/arm-xilinx-eabi-ld.real: ./src/timer_util.o: in function `Xil_In32':
/home/inf2021/iathanasi/embedded/Embedded-Systems/lab2/step2/Vitis/profiling_arm/export/profiling_arm/sw/profiling_arm/standalone_domain/bspinclude/include/xil_io.h:132: undefined reference to `__gnu_mcount_nc'
/opt/Xilinx/Vitis/2020.2/gnu/aarch32/lin/gcc-arm-none-eabi/x86_64-oesdk-linux/usr/bin/arm-xilinx-eabi/arm-xilinx-eabi-ld.real: ./src/timer_util.o: in function `Xil_Out32':
/home/inf2021/iathanasi/embedded/Embedded-Systems/lab2/step2/Vitis/profiling_arm/export/profiling_arm/sw/profiling_arm/standalone_domain/bspinclude/include/xil_io.h:204: undefined reference to `__gnu_mcount_nc'
/opt/Xilinx/Vitis/2020.2/gnu/aarch32/lin/gcc-arm-none-eabi/x86_64-oesdk-linux/usr/bin/arm-xilinx-eabi/arm-xilinx-eabi-ld.real: ./src/timer_util.o: in function `start_time':
/home/inf2021/iathanasi/embedded/Embedded-Systems/lab2/step2/Vitis/profiling_arm_app/Debug/../src/timer_util.c:75: undefined reference to `__gnu_mcount_nc'
/opt/Xilinx/Vitis/2020.2/gnu/aarch32/lin/gcc-arm-none-eabi/x86_64-oesdk-linux/usr/bin/arm-xilinx-eabi/arm-xilinx-eabi-ld.real: ./src/timer_util.o: in function `stop_time':
/home/inf2021/iathanasi/embedded/Embedded-Systems/lab2/step2/Vitis/profiling_arm_app/Debug/../src/timer_util.c:85: undefined reference to `__gnu_mcount_nc'
/opt/Xilinx/Vitis/2020.2/gnu/aarch32/lin/gcc-arm-none-eabi/x86_64-oesdk-linux/usr/bin/arm-xilinx-eabi/arm-xilinx-eabi-ld.real: ./src/timer_util.o: in function `get_time':
/home/inf2021/iathanasi/embedded/Embedded-Systems/lab2/step2/Vitis/profiling_arm_app/Debug/../src/timer_util.c:95: undefined reference to `__gnu_mcount_nc'
/opt/Xilinx/Vitis/2020.2/gnu/aarch32/lin/gcc-arm-none-eabi/x86_64-oesdk-linux/usr/bin/arm-xilinx-eabi/arm-xilinx-eabi-ld.real: ./src/timer_util.o:/home/inf2021/iathanasi/embedded/Embedded-Systems/lab2/step2/Vitis/profiling_arm_app/Debug/../src/timer_util.c:104: more undefined references to `__gnu_mcount_nc' follow
/opt/Xilinx/Vitis/2020.2/gnu/aarch32/lin/gcc-arm-none-eabi/x86_64-oesdk-linux/usr/bin/arm-xilinx-eabi/arm-xilinx-eabi-ld.real: /home/inf2021/iathanasi/embedded/Embedded-Systems/lab2/step2/Vitis/profiling_arm/export/profiling_arm/sw/profiling_arm/standalone_domain/bsplib/lib/libxil.a(xil-crt0.o): in function `_start':
/home/inf2021/iathanasi/embedded/Embedded-Systems/lab2/step2/Vitis/profiling_arm/ps7_cortexa9_0/standalone_domain/bsp/ps7_cortexa9_0/libsrc/standalone_v7_3/src/xil-crt0.S:115: undefined reference to `main'
collect2.real: error: ld returned 1 exit status
make[1]: *** [makefile:43: profiling_arm_app.elf] Error 1
make: *** [makefile:34: all] Error 2
