09:26:50 INFO  : Launching XSCT server: xsct -n  -interactive /home/inf2021/iathanasi/embedded/Embedded-Systems/lab2/step1/interrupt_arm/vitis/temp_xsdb_launch_script.tcl
09:26:52 INFO  : Registering command handlers for Vitis TCF services
09:26:54 INFO  : XSCT server has started successfully.
09:26:54 INFO  : Successfully done setting XSCT server connection channel  
09:26:54 INFO  : plnx-install-location is set to ''
09:26:54 INFO  : Successfully done setting workspace for the tool. 
09:26:54 INFO  : Successfully done query RDI_DATADIR 
09:26:55 INFO  : Platform repository initialization has completed.
09:27:27 INFO  : Platform 'interrupt_add_platform' is added to custom repositories.
09:27:33 INFO  : Checking for BSP changes to sync application flags for project 'interrupt_arm_app'...
09:28:54 INFO  : Connected to target on host '127.0.0.1' and port '3121'.
09:28:54 INFO  : Jtag cable 'Digilent Zed 210248A49BC7' is selected.
09:28:54 INFO  : 'jtag frequency' command is executed.
09:28:54 INFO  : Context for 'APU' is selected.
09:28:55 INFO  : System reset is completed.
09:28:58 INFO  : 'after 3000' command is executed.
09:28:58 INFO  : 'targets -set -filter {jtag_cable_name =~ "Digilent Zed 210248A49BC7" && level==0 && jtag_device_ctx=="jsn-Zed-210248A49BC7-23727093-0"}' command is executed.
09:29:00 INFO  : Device configured successfully with "/home/inf2021/iathanasi/embedded/Embedded-Systems/lab2/step1/interrupt_arm/vitis/interrupt_arm_app/_ide/bitstream/design_interrupt_wrapper.bit"
09:29:00 INFO  : Context for 'APU' is selected.
09:29:00 INFO  : Hardware design and registers information is loaded from '/home/inf2021/iathanasi/embedded/Embedded-Systems/lab2/step1/interrupt_arm/vitis/interrupt_add_platform/export/interrupt_add_platform/hw/design_interrupt_wrapper.xsa'.
09:29:00 INFO  : 'configparams force-mem-access 1' command is executed.
09:29:00 INFO  : Context for 'APU' is selected.
09:29:00 INFO  : Sourcing of '/home/inf2021/iathanasi/embedded/Embedded-Systems/lab2/step1/interrupt_arm/vitis/interrupt_arm_app/_ide/psinit/ps7_init.tcl' is done.
09:29:01 INFO  : 'ps7_init' command is executed.
09:29:01 INFO  : 'ps7_post_config' command is executed.
09:29:01 INFO  : Context for processor 'ps7_cortexa9_0' is selected.
09:29:01 INFO  : The application '/home/inf2021/iathanasi/embedded/Embedded-Systems/lab2/step1/interrupt_arm/vitis/interrupt_arm_app/Debug/interrupt_arm_app.elf' is downloaded to processor 'ps7_cortexa9_0'.
09:29:01 INFO  : 'configparams force-mem-access 0' command is executed.
09:29:01 INFO  : ----------------XSDB Script----------------
connect -url tcp:127.0.0.1:3121
targets -set -nocase -filter {name =~"APU*"}
rst -system
after 3000
targets -set -filter {jtag_cable_name =~ "Digilent Zed 210248A49BC7" && level==0 && jtag_device_ctx=="jsn-Zed-210248A49BC7-23727093-0"}
fpga -file /home/inf2021/iathanasi/embedded/Embedded-Systems/lab2/step1/interrupt_arm/vitis/interrupt_arm_app/_ide/bitstream/design_interrupt_wrapper.bit
targets -set -nocase -filter {name =~"APU*"}
loadhw -hw /home/inf2021/iathanasi/embedded/Embedded-Systems/lab2/step1/interrupt_arm/vitis/interrupt_add_platform/export/interrupt_add_platform/hw/design_interrupt_wrapper.xsa -mem-ranges [list {0x40000000 0xbfffffff}] -regs
configparams force-mem-access 1
targets -set -nocase -filter {name =~"APU*"}
source /home/inf2021/iathanasi/embedded/Embedded-Systems/lab2/step1/interrupt_arm/vitis/interrupt_arm_app/_ide/psinit/ps7_init.tcl
ps7_init
ps7_post_config
targets -set -nocase -filter {name =~ "*A9*#0"}
dow /home/inf2021/iathanasi/embedded/Embedded-Systems/lab2/step1/interrupt_arm/vitis/interrupt_arm_app/Debug/interrupt_arm_app.elf
configparams force-mem-access 0
----------------End of Script----------------

09:29:42 INFO  : Disconnected from the channel tcfchan#1.
09:00:04 INFO  : Launching XSCT server: xsct -n  -interactive /home/inf2021/iathanasi/embedded/Embedded-Systems/lab2/step1/interrupt_arm/vitis/temp_xsdb_launch_script.tcl
09:00:07 INFO  : XSCT server has started successfully.
09:00:07 INFO  : Successfully done setting XSCT server connection channel  
09:00:07 INFO  : plnx-install-location is set to ''
09:00:07 INFO  : Successfully done setting workspace for the tool. 
09:00:09 INFO  : Successfully done query RDI_DATADIR 
09:00:09 INFO  : Platform repository initialization has completed.
09:00:09 INFO  : Registering command handlers for Vitis TCF services
09:00:28 INFO  : Checking for BSP changes to sync application flags for project 'interrupt_arm_app'...
