15 [139893240136640] INFO perfrun.launcher <> - Launcher main begin
20 [139893240136640] INFO perfrun.launcher <> - MessageCatalogInit finished
20 [139893240136640] INFO perfrun.launcher <> - Launcher instance created
20 [139893240136640] INFO perfrun.launcher <> - argc = 6; cmdline = /opt/intel/oneapi/advisor/2022.1.0/bin64/advixe-runss --ui-output-format xml --ui-output-fd 105 --context-value-list 
65 [139893240136640] INFO perfrun.launcher <> - create msngr2::ICliToolContext
65 [139893240136640] INFO perfrun.launcher <> - create file finder object
66 [139893240136640] INFO perfrun.launcher <> - Put into the variant bag the context value: name = targetOS; value = Linux
66 [139893240136640] INFO perfrun.launcher <> - Put into the variant bag the context value: name = OS; value = Linux
66 [139893240136640] INFO perfrun.launcher <> - Put into the variant bag the context value: name = OSBuildNumber; value = 21
66 [139893240136640] INFO perfrun.launcher <> - Put into the variant bag the context value: name = OSBitness; value = 64
66 [139893240136640] INFO perfrun.launcher <> - Put into the variant bag the context value: name = RootPrivileges; value = false
67 [139893240136640] INFO perfrun.launcher <> - Put into the variant bag the context value: name = isPtraceScopeLimited; value = false
67 [139893240136640] INFO perfrun.launcher <> - Put into the variant bag the context value: name = isCATSupportedByCPU; value = true
67 [139893240136640] INFO perfrun.launcher <> - Put into the variant bag the context value: name = isL3CATAvailable; value = true
67 [139893240136640] INFO perfrun.launcher <> - Put into the variant bag the context value: name = L3CATDetails; value = COS=16;ways=20
67 [139893240136640] INFO perfrun.launcher <> - Put into the variant bag the context value: name = isL2CATAvailable; value = false
67 [139893240136640] INFO perfrun.launcher <> - Put into the variant bag the context value: name = isL3MonitoringSupportedByCPU; value = true
67 [139893240136640] INFO perfrun.launcher <> - Put into the variant bag the context value: name = LLCSize; value = 10485760
67 [139893240136640] INFO perfrun.launcher <> - Put into the variant bag the context value: name = cacheMonitoringUpscalingFactor; value = 16384
67 [139893240136640] INFO perfrun.launcher <> - Put into the variant bag the context value: name = isL3CacheOccupancyAvailable; value = true
67 [139893240136640] INFO perfrun.launcher <> - Put into the variant bag the context value: name = isL3TotalBWAvailable; value = true
67 [139893240136640] INFO perfrun.launcher <> - Put into the variant bag the context value: name = isL3LocalBWAvailable; value = true
67 [139893240136640] INFO perfrun.launcher <> - Put into the variant bag the context value: name = isTSXAvailable; value = true
67 [139893240136640] INFO perfrun.launcher <> - Put into the variant bag the context value: name = isPTAvailable; value = true
67 [139893240136640] INFO perfrun.launcher <> - Put into the variant bag the context value: name = isHTEnabled; value = false
67 [139893240136640] INFO perfrun.launcher <> - Put into the variant bag the context value: name = fpgaOnBoard; value = None
67 [139893240136640] INFO perfrun.launcher <> - Put into the variant bag the context value: name = omniPathOnBoard; value = None
67 [139893240136640] INFO perfrun.launcher <> - Put into the variant bag the context value: name = genArchOnBoard; value = 0
67 [139893240136640] INFO perfrun.launcher <> - Put into the variant bag the context value: name = pciClassParts; value = 
67 [139893240136640] INFO perfrun.launcher <> - Put into the variant bag the context value: name = tidValuesForIO; value = 
67 [139893240136640] INFO perfrun.launcher <> - Put into the variant bag the context value: name = populatedIoParts; value = 
67 [139893240136640] INFO perfrun.launcher <> - Put into the variant bag the context value: name = populatedIoUnits; value = 
67 [139893240136640] INFO perfrun.launcher <> - Put into the variant bag the context value: name = populatedTidValuesForIO; value = 
67 [139893240136640] INFO perfrun.launcher <> - Put into the variant bag the context value: name = isSGXAvailable; value = false
67 [139893240136640] INFO perfrun.launcher <> - Put into the variant bag the context value: name = LinuxRelease; value = 5.14.21-150400.24.18-default
67 [139893240136640] INFO perfrun.launcher <> - Put into the variant bag the context value: name = is3DXPPresent; value = false
67 [139893240136640] INFO perfrun.launcher <> - Put into the variant bag the context value: name = is3DXP2LMMode; value = false
67 [139893240136640] INFO perfrun.launcher <> - Put into the variant bag the context value: name = is3DXPAppDirectMode; value = false
67 [139893240136640] INFO perfrun.launcher <> - Put into the variant bag the context value: name = IsNUMANodeWithoutCPUsPresent; value = false
67 [139893240136640] INFO perfrun.launcher <> - Put into the variant bag the context value: name = Hypervisor; value = None
67 [139893240136640] INFO perfrun.launcher <> - Put into the variant bag the context value: name = PerfmonVersion; value = 3
67 [139893240136640] INFO perfrun.launcher <> - Put into the variant bag the context value: name = isMaxDRAMBandwidthMeasurementSupported; value = false
67 [139893240136640] INFO perfrun.launcher <> - Put into the variant bag the context value: name = preferedGpuAdapter; value = none
67 [139893240136640] INFO perfrun.launcher <> - Put into the variant bag the context value: name = isEHFIAvailable; value = false
68 [139893240136640] INFO perfrun.launcher <> - Put into the variant bag the context value: name = i915Status; value = MissingDriver
68 [139893240136640] INFO perfrun.launcher <> - Put into the variant bag the context value: name = isTPSSAvailable; value = true
68 [139893240136640] INFO perfrun.launcher <> - Put into the variant bag the context value: name = isPytraceAvailable; value = true
68 [139893240136640] INFO perfrun.launcher <> - Put into the variant bag the context value: name = forceShowInlines; value = false
68 [139893240136640] INFO perfrun.launcher <> - Application exit code: 0
68 [139893240136640] INFO perfrun.launcher <> - Exit code: 0
