31 [140473877472192] INFO perfrun.launcher <> - Launcher main begin
36 [140473877472192] INFO perfrun.launcher <> - MessageCatalogInit finished
37 [140473877472192] INFO perfrun.launcher <> - Launcher instance created
37 [140473877472192] INFO perfrun.launcher <> - argc = 6; cmdline = /opt/intel/oneapi/advisor/2022.1.0/bin64/advixe-runss --ui-output-format xml --ui-output-fd 125 --context-value-list 
90 [140473877472192] INFO perfrun.launcher <> - create msngr2::ICliToolContext
91 [140473877472192] INFO perfrun.launcher <> - create file finder object
92 [140473877472192] INFO perfrun.launcher <> - Put into the variant bag the context value: name = targetOS; value = Linux
92 [140473877472192] INFO perfrun.launcher <> - Put into the variant bag the context value: name = OS; value = Linux
92 [140473877472192] INFO perfrun.launcher <> - Put into the variant bag the context value: name = OSBuildNumber; value = 21
92 [140473877472192] INFO perfrun.launcher <> - Put into the variant bag the context value: name = OSBitness; value = 64
92 [140473877472192] INFO perfrun.launcher <> - Put into the variant bag the context value: name = RootPrivileges; value = false
92 [140473877472192] INFO perfrun.launcher <> - Put into the variant bag the context value: name = isPtraceScopeLimited; value = false
92 [140473877472192] INFO perfrun.launcher <> - Put into the variant bag the context value: name = isCATSupportedByCPU; value = true
92 [140473877472192] INFO perfrun.launcher <> - Put into the variant bag the context value: name = isL3CATAvailable; value = true
92 [140473877472192] INFO perfrun.launcher <> - Put into the variant bag the context value: name = L3CATDetails; value = COS=16;ways=20
92 [140473877472192] INFO perfrun.launcher <> - Put into the variant bag the context value: name = isL2CATAvailable; value = false
93 [140473877472192] INFO perfrun.launcher <> - Put into the variant bag the context value: name = isL3MonitoringSupportedByCPU; value = true
93 [140473877472192] INFO perfrun.launcher <> - Put into the variant bag the context value: name = LLCSize; value = 10485760
93 [140473877472192] INFO perfrun.launcher <> - Put into the variant bag the context value: name = cacheMonitoringUpscalingFactor; value = 16384
93 [140473877472192] INFO perfrun.launcher <> - Put into the variant bag the context value: name = isL3CacheOccupancyAvailable; value = true
93 [140473877472192] INFO perfrun.launcher <> - Put into the variant bag the context value: name = isL3TotalBWAvailable; value = true
93 [140473877472192] INFO perfrun.launcher <> - Put into the variant bag the context value: name = isL3LocalBWAvailable; value = true
93 [140473877472192] INFO perfrun.launcher <> - Put into the variant bag the context value: name = isTSXAvailable; value = true
93 [140473877472192] INFO perfrun.launcher <> - Put into the variant bag the context value: name = isPTAvailable; value = true
93 [140473877472192] INFO perfrun.launcher <> - Put into the variant bag the context value: name = isHTEnabled; value = false
93 [140473877472192] INFO perfrun.launcher <> - Put into the variant bag the context value: name = fpgaOnBoard; value = None
93 [140473877472192] INFO perfrun.launcher <> - Put into the variant bag the context value: name = omniPathOnBoard; value = None
93 [140473877472192] INFO perfrun.launcher <> - Put into the variant bag the context value: name = genArchOnBoard; value = 0
93 [140473877472192] INFO perfrun.launcher <> - Put into the variant bag the context value: name = pciClassParts; value = 
93 [140473877472192] INFO perfrun.launcher <> - Put into the variant bag the context value: name = tidValuesForIO; value = 
93 [140473877472192] INFO perfrun.launcher <> - Put into the variant bag the context value: name = populatedIoParts; value = 
93 [140473877472192] INFO perfrun.launcher <> - Put into the variant bag the context value: name = populatedIoUnits; value = 
93 [140473877472192] INFO perfrun.launcher <> - Put into the variant bag the context value: name = populatedTidValuesForIO; value = 
93 [140473877472192] INFO perfrun.launcher <> - Put into the variant bag the context value: name = isSGXAvailable; value = false
93 [140473877472192] INFO perfrun.launcher <> - Put into the variant bag the context value: name = LinuxRelease; value = 5.14.21-150400.24.18-default
93 [140473877472192] INFO perfrun.launcher <> - Put into the variant bag the context value: name = is3DXPPresent; value = false
93 [140473877472192] INFO perfrun.launcher <> - Put into the variant bag the context value: name = is3DXP2LMMode; value = false
93 [140473877472192] INFO perfrun.launcher <> - Put into the variant bag the context value: name = is3DXPAppDirectMode; value = false
93 [140473877472192] INFO perfrun.launcher <> - Put into the variant bag the context value: name = IsNUMANodeWithoutCPUsPresent; value = false
93 [140473877472192] INFO perfrun.launcher <> - Put into the variant bag the context value: name = Hypervisor; value = None
93 [140473877472192] INFO perfrun.launcher <> - Put into the variant bag the context value: name = PerfmonVersion; value = 3
93 [140473877472192] INFO perfrun.launcher <> - Put into the variant bag the context value: name = isMaxDRAMBandwidthMeasurementSupported; value = false
93 [140473877472192] INFO perfrun.launcher <> - Put into the variant bag the context value: name = preferedGpuAdapter; value = none
93 [140473877472192] INFO perfrun.launcher <> - Put into the variant bag the context value: name = isEHFIAvailable; value = false
93 [140473877472192] INFO perfrun.launcher <> - Put into the variant bag the context value: name = i915Status; value = MissingDriver
94 [140473877472192] INFO perfrun.launcher <> - Put into the variant bag the context value: name = isTPSSAvailable; value = true
94 [140473877472192] INFO perfrun.launcher <> - Put into the variant bag the context value: name = isPytraceAvailable; value = true
94 [140473877472192] INFO perfrun.launcher <> - Put into the variant bag the context value: name = forceShowInlines; value = false
94 [140473877472192] INFO perfrun.launcher <> - Application exit code: 0
94 [140473877472192] INFO perfrun.launcher <> - Exit code: 0
