13 [140286982546368] INFO perfrun.launcher <> - Launcher main begin
16 [140286982546368] INFO perfrun.launcher <> - MessageCatalogInit finished
16 [140286982546368] INFO perfrun.launcher <> - Launcher instance created
16 [140286982546368] INFO perfrun.launcher <> - argc = 6; cmdline = /opt/intel/oneapi/advisor/2022.1.0/bin64/advixe-runss --ui-output-format xml --ui-output-fd 124 --context-value-list 
88 [140286982546368] INFO perfrun.launcher <> - create msngr2::ICliToolContext
88 [140286982546368] INFO perfrun.launcher <> - create file finder object
171 [140286982546368] INFO perfrun.launcher <> - Put into the variant bag the context value: name = targetOS; value = Linux
171 [140286982546368] INFO perfrun.launcher <> - Put into the variant bag the context value: name = OS; value = Linux
171 [140286982546368] INFO perfrun.launcher <> - Put into the variant bag the context value: name = OSBuildNumber; value = 21
172 [140286982546368] INFO perfrun.launcher <> - Put into the variant bag the context value: name = OSBitness; value = 64
172 [140286982546368] INFO perfrun.launcher <> - Put into the variant bag the context value: name = RootPrivileges; value = false
175 [140286982546368] INFO perfrun.launcher <> - Put into the variant bag the context value: name = isPtraceScopeLimited; value = false
177 [140286982546368] INFO perfrun.launcher <> - Put into the variant bag the context value: name = isCATSupportedByCPU; value = true
178 [140286982546368] INFO perfrun.launcher <> - Put into the variant bag the context value: name = isL3CATAvailable; value = true
181 [140286982546368] INFO perfrun.launcher <> - Put into the variant bag the context value: name = L3CATDetails; value = COS=16;ways=20
181 [140286982546368] INFO perfrun.launcher <> - Put into the variant bag the context value: name = isL2CATAvailable; value = false
183 [140286982546368] INFO perfrun.launcher <> - Put into the variant bag the context value: name = isL3MonitoringSupportedByCPU; value = true
184 [140286982546368] INFO perfrun.launcher <> - Put into the variant bag the context value: name = LLCSize; value = 10485760
184 [140286982546368] INFO perfrun.launcher <> - Put into the variant bag the context value: name = cacheMonitoringUpscalingFactor; value = 16384
185 [140286982546368] INFO perfrun.launcher <> - Put into the variant bag the context value: name = isL3CacheOccupancyAvailable; value = true
186 [140286982546368] INFO perfrun.launcher <> - Put into the variant bag the context value: name = isL3TotalBWAvailable; value = true
186 [140286982546368] INFO perfrun.launcher <> - Put into the variant bag the context value: name = isL3LocalBWAvailable; value = true
187 [140286982546368] INFO perfrun.launcher <> - Put into the variant bag the context value: name = isTSXAvailable; value = true
188 [140286982546368] INFO perfrun.launcher <> - Put into the variant bag the context value: name = isPTAvailable; value = true
188 [140286982546368] INFO perfrun.launcher <> - Put into the variant bag the context value: name = isHTEnabled; value = false
189 [140286982546368] INFO perfrun.launcher <> - Put into the variant bag the context value: name = fpgaOnBoard; value = None
190 [140286982546368] INFO perfrun.launcher <> - Put into the variant bag the context value: name = omniPathOnBoard; value = None
191 [140286982546368] INFO perfrun.launcher <> - Put into the variant bag the context value: name = genArchOnBoard; value = 0
191 [140286982546368] INFO perfrun.launcher <> - Put into the variant bag the context value: name = pciClassParts; value = 
192 [140286982546368] INFO perfrun.launcher <> - Put into the variant bag the context value: name = tidValuesForIO; value = 
192 [140286982546368] INFO perfrun.launcher <> - Put into the variant bag the context value: name = populatedIoParts; value = 
193 [140286982546368] INFO perfrun.launcher <> - Put into the variant bag the context value: name = populatedIoUnits; value = 
194 [140286982546368] INFO perfrun.launcher <> - Put into the variant bag the context value: name = populatedTidValuesForIO; value = 
194 [140286982546368] INFO perfrun.launcher <> - Put into the variant bag the context value: name = isSGXAvailable; value = false
195 [140286982546368] INFO perfrun.launcher <> - Put into the variant bag the context value: name = LinuxRelease; value = 5.14.21-150400.24.18-default
196 [140286982546368] INFO perfrun.launcher <> - Put into the variant bag the context value: name = is3DXPPresent; value = false
196 [140286982546368] INFO perfrun.launcher <> - Put into the variant bag the context value: name = is3DXP2LMMode; value = false
196 [140286982546368] INFO perfrun.launcher <> - Put into the variant bag the context value: name = is3DXPAppDirectMode; value = false
197 [140286982546368] INFO perfrun.launcher <> - Put into the variant bag the context value: name = IsNUMANodeWithoutCPUsPresent; value = false
197 [140286982546368] INFO perfrun.launcher <> - Put into the variant bag the context value: name = Hypervisor; value = None
197 [140286982546368] INFO perfrun.launcher <> - Put into the variant bag the context value: name = PerfmonVersion; value = 3
198 [140286982546368] INFO perfrun.launcher <> - Put into the variant bag the context value: name = isMaxDRAMBandwidthMeasurementSupported; value = false
198 [140286982546368] INFO perfrun.launcher <> - Put into the variant bag the context value: name = preferedGpuAdapter; value = none
199 [140286982546368] INFO perfrun.launcher <> - Put into the variant bag the context value: name = isEHFIAvailable; value = false
199 [140286982546368] INFO perfrun.launcher <> - Put into the variant bag the context value: name = i915Status; value = MissingDriver
200 [140286982546368] INFO perfrun.launcher <> - Put into the variant bag the context value: name = isTPSSAvailable; value = true
201 [140286982546368] INFO perfrun.launcher <> - Put into the variant bag the context value: name = isPytraceAvailable; value = true
201 [140286982546368] INFO perfrun.launcher <> - Put into the variant bag the context value: name = forceShowInlines; value = false
202 [140286982546368] INFO perfrun.launcher <> - Application exit code: 0
202 [140286982546368] INFO perfrun.launcher <> - Exit code: 0
