21 [139673184605120] INFO perfrun.launcher <> - Launcher main begin
31 [139673184605120] INFO perfrun.launcher <> - MessageCatalogInit finished
31 [139673184605120] INFO perfrun.launcher <> - Launcher instance created
31 [139673184605120] INFO perfrun.launcher <> - argc = 6; cmdline = /opt/intel/oneapi/advisor/2022.1.0/bin64/advixe-runss --ui-output-format xml --ui-output-fd 123 --context-value-list 
104 [139673184605120] INFO perfrun.launcher <> - create msngr2::ICliToolContext
104 [139673184605120] INFO perfrun.launcher <> - create file finder object
106 [139673184605120] INFO perfrun.launcher <> - Put into the variant bag the context value: name = targetOS; value = Linux
106 [139673184605120] INFO perfrun.launcher <> - Put into the variant bag the context value: name = OS; value = Linux
106 [139673184605120] INFO perfrun.launcher <> - Put into the variant bag the context value: name = OSBuildNumber; value = 21
107 [139673184605120] INFO perfrun.launcher <> - Put into the variant bag the context value: name = OSBitness; value = 64
107 [139673184605120] INFO perfrun.launcher <> - Put into the variant bag the context value: name = RootPrivileges; value = false
108 [139673184605120] INFO perfrun.launcher <> - Put into the variant bag the context value: name = isPtraceScopeLimited; value = false
108 [139673184605120] INFO perfrun.launcher <> - Put into the variant bag the context value: name = isCATSupportedByCPU; value = true
108 [139673184605120] INFO perfrun.launcher <> - Put into the variant bag the context value: name = isL3CATAvailable; value = true
109 [139673184605120] INFO perfrun.launcher <> - Put into the variant bag the context value: name = L3CATDetails; value = COS=16;ways=20
110 [139673184605120] INFO perfrun.launcher <> - Put into the variant bag the context value: name = isL2CATAvailable; value = false
110 [139673184605120] INFO perfrun.launcher <> - Put into the variant bag the context value: name = isL3MonitoringSupportedByCPU; value = true
111 [139673184605120] INFO perfrun.launcher <> - Put into the variant bag the context value: name = LLCSize; value = 10485760
112 [139673184605120] INFO perfrun.launcher <> - Put into the variant bag the context value: name = cacheMonitoringUpscalingFactor; value = 16384
112 [139673184605120] INFO perfrun.launcher <> - Put into the variant bag the context value: name = isL3CacheOccupancyAvailable; value = true
113 [139673184605120] INFO perfrun.launcher <> - Put into the variant bag the context value: name = isL3TotalBWAvailable; value = true
113 [139673184605120] INFO perfrun.launcher <> - Put into the variant bag the context value: name = isL3LocalBWAvailable; value = true
114 [139673184605120] INFO perfrun.launcher <> - Put into the variant bag the context value: name = isTSXAvailable; value = true
114 [139673184605120] INFO perfrun.launcher <> - Put into the variant bag the context value: name = isPTAvailable; value = true
114 [139673184605120] INFO perfrun.launcher <> - Put into the variant bag the context value: name = isHTEnabled; value = false
115 [139673184605120] INFO perfrun.launcher <> - Put into the variant bag the context value: name = fpgaOnBoard; value = None
116 [139673184605120] INFO perfrun.launcher <> - Put into the variant bag the context value: name = omniPathOnBoard; value = None
116 [139673184605120] INFO perfrun.launcher <> - Put into the variant bag the context value: name = genArchOnBoard; value = 0
117 [139673184605120] INFO perfrun.launcher <> - Put into the variant bag the context value: name = pciClassParts; value = 
118 [139673184605120] INFO perfrun.launcher <> - Put into the variant bag the context value: name = tidValuesForIO; value = 
118 [139673184605120] INFO perfrun.launcher <> - Put into the variant bag the context value: name = populatedIoParts; value = 
119 [139673184605120] INFO perfrun.launcher <> - Put into the variant bag the context value: name = populatedIoUnits; value = 
119 [139673184605120] INFO perfrun.launcher <> - Put into the variant bag the context value: name = populatedTidValuesForIO; value = 
120 [139673184605120] INFO perfrun.launcher <> - Put into the variant bag the context value: name = isSGXAvailable; value = false
120 [139673184605120] INFO perfrun.launcher <> - Put into the variant bag the context value: name = LinuxRelease; value = 5.14.21-150400.24.18-default
121 [139673184605120] INFO perfrun.launcher <> - Put into the variant bag the context value: name = is3DXPPresent; value = false
121 [139673184605120] INFO perfrun.launcher <> - Put into the variant bag the context value: name = is3DXP2LMMode; value = false
121 [139673184605120] INFO perfrun.launcher <> - Put into the variant bag the context value: name = is3DXPAppDirectMode; value = false
122 [139673184605120] INFO perfrun.launcher <> - Put into the variant bag the context value: name = IsNUMANodeWithoutCPUsPresent; value = false
122 [139673184605120] INFO perfrun.launcher <> - Put into the variant bag the context value: name = Hypervisor; value = None
122 [139673184605120] INFO perfrun.launcher <> - Put into the variant bag the context value: name = PerfmonVersion; value = 3
123 [139673184605120] INFO perfrun.launcher <> - Put into the variant bag the context value: name = isMaxDRAMBandwidthMeasurementSupported; value = false
123 [139673184605120] INFO perfrun.launcher <> - Put into the variant bag the context value: name = preferedGpuAdapter; value = none
124 [139673184605120] INFO perfrun.launcher <> - Put into the variant bag the context value: name = isEHFIAvailable; value = false
124 [139673184605120] INFO perfrun.launcher <> - Put into the variant bag the context value: name = i915Status; value = MissingDriver
125 [139673184605120] INFO perfrun.launcher <> - Put into the variant bag the context value: name = isTPSSAvailable; value = true
125 [139673184605120] INFO perfrun.launcher <> - Put into the variant bag the context value: name = isPytraceAvailable; value = true
126 [139673184605120] INFO perfrun.launcher <> - Put into the variant bag the context value: name = forceShowInlines; value = false
127 [139673184605120] INFO perfrun.launcher <> - Application exit code: 0
127 [139673184605120] INFO perfrun.launcher <> - Exit code: 0
