<?xml version="1.0" encoding="utf-8" ?>
<!-- DO NOT EDIT THIS FILE -->

<log version='2.0' source='trc'>
	<msg id='1' display='false' source='trc'>
		<type>PROCESS_START</type>
		<severity>INFO</severity>
		<timestamp>Fri May 24 17:21:20 2024</timestamp>
		<arg name='process'>/home/inf2021/iathanasi/embedded/Embedded-Systems/lab3/lsal/sw_x86/lab_input/lsal_sw_x86_unoptimized</arg>
		<arg name='pid'>25552</arg>
	</msg>
	<!-- Instrumentation filter's state:
    Patterns applicability:
        Generic loop pattern.....................: disabled
        Generic loop pattern (with dynamic jumps): disabled
        Known trip value loop pattern............: disabled
        Runtime final value loop pattern.........: disabled
        No initial IV loop pattern...............: disabled
        IV step only loop pattern................: disabled
        No entry loop pattern....................: disabled
    Clustered memory model (CMM) applicability:
        Generic loop pattern.....................: enabled
        Generic loop pattern (with dynamic jumps): enabled
        Known trip value loop pattern............: enabled
        Runtime final value loop pattern.........: enabled
        No initial IV loop pattern...............: enabled
        IV step only loop pattern................: enabled
        No entry loop pattern....................: disabled
 -->
	<!-- Callstack mode:
    filter modules.........: true
    filter routines........: true
    count loops............: false
    count flops............: false
    trace..................: false
    extended trace.........: false
    omp trace..............: false
    jit trace..............: false
    failures trace.........: false
    dump raw...............: false
    dump final.............: false
    dump all...............: false
    stack stitching........: true
    stl profiling..........: true
    aggressive frame switch: true
    unwind frame exit......: true
    analyze child loops....: true
 -->
	<!-- Managed application profiling: -->
	<!-- 	State...................: enabled -->
	<!-- Gpu Profiling: -->
	<!-- 	State: disabled -->
	<msg id='2' display='false' source='trc'>
		<type>PROCESS_ANALYSIS_MODE</type>
		<severity>INFO</severity>
		<timestamp>Fri May 24 17:21:20 2024</timestamp>
		<arg name='mode'>full</arg>
	</msg>
	<!-- Update image info for [1:0x400000:YN] /home/inf2021/iathanasi/embedded/Embedded-Systems/lab3/lsal/sw_x86/lab_input/lsal_sw_x86_unoptimized -->
	<msg id='3' display='false' source='trc'>
		<type>LOAD_MODULE</type>
		<severity>INFO</severity>
		<timestamp>Fri May 24 17:21:20 2024</timestamp>
		<arg name='module'>/home/inf2021/iathanasi/embedded/Embedded-Systems/lab3/lsal/sw_x86/lab_input/lsal_sw_x86_unoptimized</arg>
		<arg name='basement'>0x400000</arg>
		<arg name='ceiling'>0x60225f</arg>
		<arg name='symtab'>yes</arg>
	</msg>
	<!-- Instrumenting image: id = 1, name = /home/inf2021/iathanasi/embedded/Embedded-Systems/lab3/lsal/sw_x86/lab_input/lsal_sw_x86_unoptimized -->
	<!-- Update image info for [2:0x7FB7AD2C8000:YN] /lib64/ld-linux-x86-64.so.2 -->
	<msg id='4' display='false' source='trc'>
		<type>LOAD_MODULE</type>
		<severity>INFO</severity>
		<timestamp>Fri May 24 17:21:20 2024</timestamp>
		<arg name='module'>/lib64/ld-linux-x86-64.so.2</arg>
		<arg name='basement'>0x7fb7ad2c8000</arg>
		<arg name='ceiling'>0x7fb7ad4f4747</arg>
		<arg name='symtab'>yes</arg>
	</msg>
	<!-- Instrumentation of /lib64/ld-linux-x86-64.so.2 image skipped because of filter conditions [cs-mode]. -->
	<!-- Update image info for [3:0x7FFEFF5EF000:NN] [vdso] -->
	<msg id='5' display='false' source='trc'>
		<type>LOAD_MODULE</type>
		<severity>INFO</severity>
		<timestamp>Fri May 24 17:21:20 2024</timestamp>
		<arg name='module'>[vdso]</arg>
		<arg name='basement'>0x7ffeff5ef000</arg>
		<arg name='ceiling'>0x7ffeff5f004b</arg>
		<arg name='symtab'>no</arg>
	</msg>
	<!-- Instrumentation of [vdso] image skipped because of filter conditions [cs-mode]. -->
	<!-- Update image info for [4:0x7FB7960B0000:NN] /usr/lib64/libasan.so.4 -->
	<msg id='6' display='false' source='trc'>
		<type>LOAD_MODULE</type>
		<severity>INFO</severity>
		<timestamp>Fri May 24 17:21:20 2024</timestamp>
		<arg name='module'>/usr/lib64/libasan.so.4</arg>
		<arg name='basement'>0x7fb7960b0000</arg>
		<arg name='ceiling'>0x7fb797062a67</arg>
		<arg name='symtab'>no</arg>
	</msg>
	<!-- Instrumentation of /usr/lib64/libasan.so.4 image skipped because of no symbols and stripped binaries profiling is disabled. -->
	<!-- Update image info for [5:0x7FB795C52000:YN] /lib64/libc.so.6 -->
	<msg id='7' display='false' source='trc'>
		<type>LOAD_MODULE</type>
		<severity>INFO</severity>
		<timestamp>Fri May 24 17:21:20 2024</timestamp>
		<arg name='module'>/lib64/libc.so.6</arg>
		<arg name='basement'>0x7fb795c52000</arg>
		<arg name='ceiling'>0x7fb796046837</arg>
		<arg name='symtab'>yes</arg>
	</msg>
	<!-- Instrumentation of /lib64/libc.so.6 image skipped because of filter conditions. -->
	<!-- Update image info for [6:0x7FB7959C8000:YN] /lib64/libdl.so.2 -->
	<msg id='8' display='false' source='trc'>
		<type>LOAD_MODULE</type>
		<severity>INFO</severity>
		<timestamp>Fri May 24 17:21:20 2024</timestamp>
		<arg name='module'>/lib64/libdl.so.2</arg>
		<arg name='basement'>0x7fb7959c8000</arg>
		<arg name='ceiling'>0x7fb795bcb12f</arg>
		<arg name='symtab'>yes</arg>
	</msg>
	<!-- Instrumentation of /lib64/libdl.so.2 image skipped because of filter conditions [cs-mode]. -->
	<!-- Update image info for [7:0x7FB7957BE000:YN] /lib64/librt.so.1 -->
	<msg id='9' display='false' source='trc'>
		<type>LOAD_MODULE</type>
		<severity>INFO</severity>
		<timestamp>Fri May 24 17:21:20 2024</timestamp>
		<arg name='module'>/lib64/librt.so.1</arg>
		<arg name='basement'>0x7fb7957be000</arg>
		<arg name='ceiling'>0x7fb7959c6bdf</arg>
		<arg name='symtab'>yes</arg>
	</msg>
	<!-- Instrumentation of /lib64/librt.so.1 image skipped because of filter conditions [cs-mode]. -->
	<!-- Update image info for [8:0x7FB795584000:YN] /lib64/libpthread.so.0 -->
	<msg id='10' display='false' source='trc'>
		<type>LOAD_MODULE</type>
		<severity>INFO</severity>
		<timestamp>Fri May 24 17:21:20 2024</timestamp>
		<arg name='module'>/lib64/libpthread.so.0</arg>
		<arg name='basement'>0x7fb795584000</arg>
		<arg name='ceiling'>0x7fb7957a6ab7</arg>
		<arg name='symtab'>yes</arg>
	</msg>
	<!-- Instrumentation of /lib64/libpthread.so.0 image skipped because of filter conditions [cs-mode]. -->
	<!-- Update image info for [9:0x7FB795161000:NN] /usr/lib64/libstdc++.so.6 -->
	<msg id='11' display='false' source='trc'>
		<type>LOAD_MODULE</type>
		<severity>INFO</severity>
		<timestamp>Fri May 24 17:21:20 2024</timestamp>
		<arg name='module'>/usr/lib64/libstdc++.so.6</arg>
		<arg name='basement'>0x7fb795161000</arg>
		<arg name='ceiling'>0x7fb79558387f</arg>
		<arg name='symtab'>no</arg>
	</msg>
	<!-- Instrumentation of /usr/lib64/libstdc++.so.6 image skipped because of filter conditions [cs-mode]. -->
	<!-- Update image info for [10:0x7FB794E16000:YN] /lib64/libm.so.6 -->
	<msg id='12' display='false' source='trc'>
		<type>LOAD_MODULE</type>
		<severity>INFO</severity>
		<timestamp>Fri May 24 17:21:20 2024</timestamp>
		<arg name='module'>/lib64/libm.so.6</arg>
		<arg name='basement'>0x7fb794e16000</arg>
		<arg name='ceiling'>0x7fb795160a57</arg>
		<arg name='symtab'>yes</arg>
	</msg>
	<!-- Instrumentation of /lib64/libm.so.6 image skipped because of filter conditions [cs-mode]. -->
	<!-- Update image info for [11:0x7FB794BEE000:NN] /lib64/libgcc_s.so.1 -->
	<msg id='13' display='false' source='trc'>
		<type>LOAD_MODULE</type>
		<severity>INFO</severity>
		<timestamp>Fri May 24 17:21:20 2024</timestamp>
		<arg name='module'>/lib64/libgcc_s.so.1</arg>
		<arg name='basement'>0x7fb794bee000</arg>
		<arg name='ceiling'>0x7fb794e06447</arg>
		<arg name='symtab'>no</arg>
	</msg>
	<!-- Instrumentation of /lib64/libgcc_s.so.1 image skipped because of filter conditions [cs-mode]. -->
	<msg id='14' display='false' source='trc'>
		<type>UNLOAD_MODULE</type>
		<severity>INFO</severity>
		<timestamp>Fri May 24 17:21:30 2024</timestamp>
		<arg name='module'>/home/inf2021/iathanasi/embedded/Embedded-Systems/lab3/lsal/sw_x86/lab_input/lsal_sw_x86_unoptimized</arg>
	</msg>
	<msg id='15' display='false' source='trc'>
		<type>UNLOAD_MODULE</type>
		<severity>INFO</severity>
		<timestamp>Fri May 24 17:21:30 2024</timestamp>
		<arg name='module'>/lib64/ld-linux-x86-64.so.2</arg>
	</msg>
	<msg id='16' display='false' source='trc'>
		<type>UNLOAD_MODULE</type>
		<severity>INFO</severity>
		<timestamp>Fri May 24 17:21:30 2024</timestamp>
		<arg name='module'>[vdso]</arg>
	</msg>
	<msg id='17' display='false' source='trc'>
		<type>UNLOAD_MODULE</type>
		<severity>INFO</severity>
		<timestamp>Fri May 24 17:21:30 2024</timestamp>
		<arg name='module'>/usr/lib64/libasan.so.4</arg>
	</msg>
	<msg id='18' display='false' source='trc'>
		<type>UNLOAD_MODULE</type>
		<severity>INFO</severity>
		<timestamp>Fri May 24 17:21:30 2024</timestamp>
		<arg name='module'>/lib64/libc.so.6</arg>
	</msg>
	<msg id='19' display='false' source='trc'>
		<type>UNLOAD_MODULE</type>
		<severity>INFO</severity>
		<timestamp>Fri May 24 17:21:30 2024</timestamp>
		<arg name='module'>/lib64/libdl.so.2</arg>
	</msg>
	<msg id='20' display='false' source='trc'>
		<type>UNLOAD_MODULE</type>
		<severity>INFO</severity>
		<timestamp>Fri May 24 17:21:30 2024</timestamp>
		<arg name='module'>/lib64/librt.so.1</arg>
	</msg>
	<msg id='21' display='false' source='trc'>
		<type>UNLOAD_MODULE</type>
		<severity>INFO</severity>
		<timestamp>Fri May 24 17:21:30 2024</timestamp>
		<arg name='module'>/lib64/libpthread.so.0</arg>
	</msg>
	<msg id='22' display='false' source='trc'>
		<type>UNLOAD_MODULE</type>
		<severity>INFO</severity>
		<timestamp>Fri May 24 17:21:30 2024</timestamp>
		<arg name='module'>/usr/lib64/libstdc++.so.6</arg>
	</msg>
	<msg id='23' display='false' source='trc'>
		<type>UNLOAD_MODULE</type>
		<severity>INFO</severity>
		<timestamp>Fri May 24 17:21:30 2024</timestamp>
		<arg name='module'>/lib64/libm.so.6</arg>
	</msg>
	<msg id='24' display='false' source='trc'>
		<type>UNLOAD_MODULE</type>
		<severity>INFO</severity>
		<timestamp>Fri May 24 17:21:30 2024</timestamp>
		<arg name='module'>/lib64/libgcc_s.so.1</arg>
	</msg>
	<msg id='25' display='false' source='trc'>
		<type>PROCESS_FINISH</type>
		<severity>INFO</severity>
		<timestamp>Fri May 24 17:21:30 2024</timestamp>
		<arg name='process'>/home/inf2021/iathanasi/embedded/Embedded-Systems/lab3/lsal/sw_x86/lab_input/lsal_sw_x86_unoptimized</arg>
		<arg name='pid'>25552</arg>
		<arg name='exitcode'>0x0</arg>
	</msg>
	<!-- Application exited with code 0 -->
</log>