<?xml version="1.0" encoding="utf-8" ?>
<!-- DO NOT EDIT THIS FILE -->

<log version='2.0' source='trc'>
	<msg id='1' display='false' source='trc'>
		<type>PROCESS_START</type>
		<severity>INFO</severity>
		<timestamp>Fri May 17 11:30:31 2024</timestamp>
		<arg name='process'>/home/inf2021/iathanasi/embedded/Embedded-Systems/lab3/lsal/sw_x86/lab_input/lsal_sw_x86_unoptimized</arg>
		<arg name='pid'>14732</arg>
	</msg>
	<!-- Instrumentation filter's state:
    Patterns applicability:
        Generic loop pattern.....................: enabled
        Generic loop pattern (with dynamic jumps): enabled
        Known trip value loop pattern............: enabled
        Runtime final value loop pattern.........: enabled
        No initial IV loop pattern...............: enabled
        IV step only loop pattern................: enabled
        No entry loop pattern....................: enabled
    Clustered memory model (CMM) applicability:
        Generic loop pattern.....................: enabled
        Generic loop pattern (with dynamic jumps): enabled
        Known trip value loop pattern............: enabled
        Runtime final value loop pattern.........: enabled
        No initial IV loop pattern...............: enabled
        IV step only loop pattern................: enabled
        No entry loop pattern....................: disabled
 -->
	<!-- Callstack mode:
    filter modules.........: true
    filter routines........: true
    count loops............: false
    count flops............: false
    trace..................: false
    extended trace.........: false
    omp trace..............: false
    jit trace..............: false
    failures trace.........: false
    dump raw...............: false
    dump final.............: false
    dump all...............: false
    stack stitching........: true
    stl profiling..........: true
    aggressive frame switch: true
    unwind frame exit......: true
    analyze child loops....: true
 -->
	<!-- Managed application profiling: -->
	<!-- 	State...................: enabled -->
	<!-- Gpu Profiling: -->
	<!-- 	State: disabled -->
	<msg id='2' display='false' source='trc'>
		<type>PROCESS_ANALYSIS_MODE</type>
		<severity>INFO</severity>
		<timestamp>Fri May 17 11:30:31 2024</timestamp>
		<arg name='mode'>full</arg>
	</msg>
	<!-- Update image info for [1:0x400000:YN] /home/inf2021/iathanasi/embedded/Embedded-Systems/lab3/lsal/sw_x86/lab_input/lsal_sw_x86_unoptimized -->
	<msg id='3' display='false' source='trc'>
		<type>LOAD_MODULE</type>
		<severity>INFO</severity>
		<timestamp>Fri May 17 11:30:31 2024</timestamp>
		<arg name='module'>/home/inf2021/iathanasi/embedded/Embedded-Systems/lab3/lsal/sw_x86/lab_input/lsal_sw_x86_unoptimized</arg>
		<arg name='basement'>0x400000</arg>
		<arg name='ceiling'>0x60225f</arg>
		<arg name='symtab'>yes</arg>
	</msg>
	<!-- Instrumenting image: id = 1, name = /home/inf2021/iathanasi/embedded/Embedded-Systems/lab3/lsal/sw_x86/lab_input/lsal_sw_x86_unoptimized -->
	<!-- Instrumenting loops in routine "compute_matrices" -->
	<!-- Update image info for [2:0x7F161EE77000:YN] /lib64/ld-linux-x86-64.so.2 -->
	<msg id='4' display='false' source='trc'>
		<type>LOAD_MODULE</type>
		<severity>INFO</severity>
		<timestamp>Fri May 17 11:30:31 2024</timestamp>
		<arg name='module'>/lib64/ld-linux-x86-64.so.2</arg>
		<arg name='basement'>0x7f161ee77000</arg>
		<arg name='ceiling'>0x7f161f0a3747</arg>
		<arg name='symtab'>yes</arg>
	</msg>
	<!-- Instrumentation of /lib64/ld-linux-x86-64.so.2 image skipped because of filter conditions [cs-mode]. -->
	<!-- Update image info for [3:0x7FFCCB9D2000:NN] [vdso] -->
	<msg id='5' display='false' source='trc'>
		<type>LOAD_MODULE</type>
		<severity>INFO</severity>
		<timestamp>Fri May 17 11:30:31 2024</timestamp>
		<arg name='module'>[vdso]</arg>
		<arg name='basement'>0x7ffccb9d2000</arg>
		<arg name='ceiling'>0x7ffccb9d304b</arg>
		<arg name='symtab'>no</arg>
	</msg>
	<!-- Instrumentation of [vdso] image skipped because of filter conditions [cs-mode]. -->
	<!-- Update image info for [4:0x7F1607C3E000:NN] /usr/lib64/libasan.so.4 -->
	<msg id='6' display='false' source='trc'>
		<type>LOAD_MODULE</type>
		<severity>INFO</severity>
		<timestamp>Fri May 17 11:30:31 2024</timestamp>
		<arg name='module'>/usr/lib64/libasan.so.4</arg>
		<arg name='basement'>0x7f1607c3e000</arg>
		<arg name='ceiling'>0x7f1608bf0a67</arg>
		<arg name='symtab'>no</arg>
	</msg>
	<!-- Instrumentation of /usr/lib64/libasan.so.4 image skipped because of no symbols and stripped binaries profiling is disabled. -->
	<!-- Update image info for [5:0x7F16077E0000:YN] /lib64/libc.so.6 -->
	<msg id='7' display='false' source='trc'>
		<type>LOAD_MODULE</type>
		<severity>INFO</severity>
		<timestamp>Fri May 17 11:30:31 2024</timestamp>
		<arg name='module'>/lib64/libc.so.6</arg>
		<arg name='basement'>0x7f16077e0000</arg>
		<arg name='ceiling'>0x7f1607bd4837</arg>
		<arg name='symtab'>yes</arg>
	</msg>
	<!-- Instrumentation of /lib64/libc.so.6 image skipped because of filter conditions. -->
	<!-- Update image info for [6:0x7F1607556000:YN] /lib64/libdl.so.2 -->
	<msg id='8' display='false' source='trc'>
		<type>LOAD_MODULE</type>
		<severity>INFO</severity>
		<timestamp>Fri May 17 11:30:31 2024</timestamp>
		<arg name='module'>/lib64/libdl.so.2</arg>
		<arg name='basement'>0x7f1607556000</arg>
		<arg name='ceiling'>0x7f160775912f</arg>
		<arg name='symtab'>yes</arg>
	</msg>
	<!-- Instrumentation of /lib64/libdl.so.2 image skipped because of filter conditions [cs-mode]. -->
	<!-- Update image info for [7:0x7F160734C000:YN] /lib64/librt.so.1 -->
	<msg id='9' display='false' source='trc'>
		<type>LOAD_MODULE</type>
		<severity>INFO</severity>
		<timestamp>Fri May 17 11:30:31 2024</timestamp>
		<arg name='module'>/lib64/librt.so.1</arg>
		<arg name='basement'>0x7f160734c000</arg>
		<arg name='ceiling'>0x7f1607554bdf</arg>
		<arg name='symtab'>yes</arg>
	</msg>
	<!-- Instrumentation of /lib64/librt.so.1 image skipped because of filter conditions [cs-mode]. -->
	<!-- Update image info for [8:0x7F1607118000:YN] /lib64/libpthread.so.0 -->
	<msg id='10' display='false' source='trc'>
		<type>LOAD_MODULE</type>
		<severity>INFO</severity>
		<timestamp>Fri May 17 11:30:31 2024</timestamp>
		<arg name='module'>/lib64/libpthread.so.0</arg>
		<arg name='basement'>0x7f1607118000</arg>
		<arg name='ceiling'>0x7f160733aab7</arg>
		<arg name='symtab'>yes</arg>
	</msg>
	<!-- Instrumentation of /lib64/libpthread.so.0 image skipped because of filter conditions [cs-mode]. -->
	<!-- Update image info for [9:0x7F1606CF5000:NN] /usr/lib64/libstdc++.so.6 -->
	<msg id='11' display='false' source='trc'>
		<type>LOAD_MODULE</type>
		<severity>INFO</severity>
		<timestamp>Fri May 17 11:30:31 2024</timestamp>
		<arg name='module'>/usr/lib64/libstdc++.so.6</arg>
		<arg name='basement'>0x7f1606cf5000</arg>
		<arg name='ceiling'>0x7f160711787f</arg>
		<arg name='symtab'>no</arg>
	</msg>
	<!-- Instrumentation of /usr/lib64/libstdc++.so.6 image skipped because of filter conditions [cs-mode]. -->
	<!-- Update image info for [10:0x7F16069AA000:YN] /lib64/libm.so.6 -->
	<msg id='12' display='false' source='trc'>
		<type>LOAD_MODULE</type>
		<severity>INFO</severity>
		<timestamp>Fri May 17 11:30:31 2024</timestamp>
		<arg name='module'>/lib64/libm.so.6</arg>
		<arg name='basement'>0x7f16069aa000</arg>
		<arg name='ceiling'>0x7f1606cf4a57</arg>
		<arg name='symtab'>yes</arg>
	</msg>
	<!-- Instrumentation of /lib64/libm.so.6 image skipped because of filter conditions [cs-mode]. -->
	<!-- Update image info for [11:0x7F160677C000:NN] /lib64/libgcc_s.so.1 -->
	<msg id='13' display='false' source='trc'>
		<type>LOAD_MODULE</type>
		<severity>INFO</severity>
		<timestamp>Fri May 17 11:30:31 2024</timestamp>
		<arg name='module'>/lib64/libgcc_s.so.1</arg>
		<arg name='basement'>0x7f160677c000</arg>
		<arg name='ceiling'>0x7f1606994447</arg>
		<arg name='symtab'>no</arg>
	</msg>
	<!-- Instrumentation of /lib64/libgcc_s.so.1 image skipped because of filter conditions [cs-mode]. -->
	<msg id='14' display='false' source='trc'>
		<type>UNLOAD_MODULE</type>
		<severity>INFO</severity>
		<timestamp>Fri May 17 11:30:41 2024</timestamp>
		<arg name='module'>/home/inf2021/iathanasi/embedded/Embedded-Systems/lab3/lsal/sw_x86/lab_input/lsal_sw_x86_unoptimized</arg>
	</msg>
	<msg id='15' display='false' source='trc'>
		<type>UNLOAD_MODULE</type>
		<severity>INFO</severity>
		<timestamp>Fri May 17 11:30:41 2024</timestamp>
		<arg name='module'>/lib64/ld-linux-x86-64.so.2</arg>
	</msg>
	<msg id='16' display='false' source='trc'>
		<type>UNLOAD_MODULE</type>
		<severity>INFO</severity>
		<timestamp>Fri May 17 11:30:41 2024</timestamp>
		<arg name='module'>[vdso]</arg>
	</msg>
	<msg id='17' display='false' source='trc'>
		<type>UNLOAD_MODULE</type>
		<severity>INFO</severity>
		<timestamp>Fri May 17 11:30:41 2024</timestamp>
		<arg name='module'>/usr/lib64/libasan.so.4</arg>
	</msg>
	<msg id='18' display='false' source='trc'>
		<type>UNLOAD_MODULE</type>
		<severity>INFO</severity>
		<timestamp>Fri May 17 11:30:41 2024</timestamp>
		<arg name='module'>/lib64/libc.so.6</arg>
	</msg>
	<msg id='19' display='false' source='trc'>
		<type>UNLOAD_MODULE</type>
		<severity>INFO</severity>
		<timestamp>Fri May 17 11:30:41 2024</timestamp>
		<arg name='module'>/lib64/libdl.so.2</arg>
	</msg>
	<msg id='20' display='false' source='trc'>
		<type>UNLOAD_MODULE</type>
		<severity>INFO</severity>
		<timestamp>Fri May 17 11:30:41 2024</timestamp>
		<arg name='module'>/lib64/librt.so.1</arg>
	</msg>
	<msg id='21' display='false' source='trc'>
		<type>UNLOAD_MODULE</type>
		<severity>INFO</severity>
		<timestamp>Fri May 17 11:30:41 2024</timestamp>
		<arg name='module'>/lib64/libpthread.so.0</arg>
	</msg>
	<msg id='22' display='false' source='trc'>
		<type>UNLOAD_MODULE</type>
		<severity>INFO</severity>
		<timestamp>Fri May 17 11:30:41 2024</timestamp>
		<arg name='module'>/usr/lib64/libstdc++.so.6</arg>
	</msg>
	<msg id='23' display='false' source='trc'>
		<type>UNLOAD_MODULE</type>
		<severity>INFO</severity>
		<timestamp>Fri May 17 11:30:41 2024</timestamp>
		<arg name='module'>/lib64/libm.so.6</arg>
	</msg>
	<msg id='24' display='false' source='trc'>
		<type>UNLOAD_MODULE</type>
		<severity>INFO</severity>
		<timestamp>Fri May 17 11:30:41 2024</timestamp>
		<arg name='module'>/lib64/libgcc_s.so.1</arg>
	</msg>
	<msg id='25' display='false' source='trc'>
		<type>PROCESS_FINISH</type>
		<severity>INFO</severity>
		<timestamp>Fri May 17 11:30:41 2024</timestamp>
		<arg name='process'>/home/inf2021/iathanasi/embedded/Embedded-Systems/lab3/lsal/sw_x86/lab_input/lsal_sw_x86_unoptimized</arg>
		<arg name='pid'>14732</arg>
		<arg name='exitcode'>0x0</arg>
	</msg>
	<!-- Application exited with code 0 -->
</log>