17:47:49 INFO  : Launching XSCT server: xsct -n  -interactive /home/inf2021/iathanasi/embedded/Embedded-Systems/lab2/step2/Vitis/temp_xsdb_launch_script.tcl
17:47:49 INFO  : Registering command handlers for Vitis TCF services
17:47:52 INFO  : Platform repository initialization has completed.
17:47:53 INFO  : XSCT server has started successfully.
17:47:53 INFO  : plnx-install-location is set to ''
17:47:53 INFO  : Successfully done setting XSCT server connection channel  
17:47:53 INFO  : Successfully done setting workspace for the tool. 
17:47:53 INFO  : Successfully done query RDI_DATADIR 
17:48:36 INFO  : Result from executing command 'getProjects': profiling_arm
17:48:36 INFO  : Result from executing command 'getPlatforms': zedboard_202020_1|/opt/Xilinx/Vitis/2020.2/platforms/zedboard_202020_1/zedboard_202020_1.xpfm
17:49:02 INFO  : Result from executing command 'getProjects': profiling_arm
17:49:02 INFO  : Result from executing command 'getPlatforms': profiling_arm|/home/inf2021/iathanasi/embedded/Embedded-Systems/lab2/step2/Vitis/profiling_arm/export/profiling_arm/profiling_arm.xpfm;zedboard_202020_1|/opt/Xilinx/Vitis/2020.2/platforms/zedboard_202020_1/zedboard_202020_1.xpfm
17:49:46 INFO  : Launching XSCT server: xsct -n  -interactive /home/inf2021/iathanasi/embedded/Embedded-Systems/lab2/step2/Vitis/temp_xsdb_launch_script.tcl
17:49:50 INFO  : XSCT server has started successfully.
17:49:50 INFO  : Successfully done setting XSCT server connection channel  
17:49:50 INFO  : plnx-install-location is set to ''
17:49:50 INFO  : Successfully done setting workspace for the tool. 
17:49:50 INFO  : Successfully done query RDI_DATADIR 
17:49:53 INFO  : Registering command handlers for Vitis TCF services
17:49:56 INFO  : Platform repository initialization has completed.
17:51:01 INFO  : Result from executing command 'getProjects': profiling_arm
17:51:01 INFO  : Result from executing command 'getPlatforms': profiling_arm|/home/inf2021/iathanasi/embedded/Embedded-Systems/lab2/step2/Vitis/profiling_arm/export/profiling_arm/profiling_arm.xpfm;zedboard_202020_1|/opt/Xilinx/Vitis/2020.2/platforms/zedboard_202020_1/zedboard_202020_1.xpfm
17:51:04 INFO  : Checking for BSP changes to sync application flags for project 'profiling_arm_app'...
17:51:26 INFO  : Checking for BSP changes to sync application flags for project 'profiling_arm_app'...
17:52:13 INFO  : Checking for BSP changes to sync application flags for project 'profiling_arm_app'...
17:52:50 INFO  : Checking for BSP changes to sync application flags for project 'profiling_arm_app'...
17:54:00 INFO  : Checking for BSP changes to sync application flags for project 'profiling_arm_app'...
18:15:38 INFO  : Result from executing command 'getProjects': profiling_arm
18:15:38 INFO  : Result from executing command 'getPlatforms': profiling_arm|/home/inf2021/iathanasi/embedded/Embedded-Systems/lab2/step2/Vitis/profiling_arm/export/profiling_arm/profiling_arm.xpfm;zedboard_202020_1|/opt/Xilinx/Vitis/2020.2/platforms/zedboard_202020_1/zedboard_202020_1.xpfm
18:15:42 INFO  : Checking for BSP changes to sync application flags for project 'profiling_arm_app'...
18:17:23 INFO  : Example project xscutimer_polled_example_1 has been created successfully.
18:20:48 INFO  : Checking for BSP changes to sync application flags for project 'profiling_arm_app'...
18:21:31 INFO  : Checking for BSP changes to sync application flags for project 'profiling_arm_app'...
18:35:12 INFO  : Checking for BSP changes to sync application flags for project 'profiling_arm_app'...
18:36:13 INFO  : Checking for BSP changes to sync application flags for project 'profiling_arm_app'...
18:36:50 INFO  : Checking for BSP changes to sync application flags for project 'profiling_arm_app'...
18:39:29 INFO  : Checking for BSP changes to sync application flags for project 'profiling_arm_app'...
18:41:27 INFO  : Checking for BSP changes to sync application flags for project 'profiling_arm_app'...
18:42:18 INFO  : No changes in MSS file content so sources will not be generated.
18:42:36 INFO  : Checking for BSP changes to sync application flags for project 'profiling_arm_app'...
18:44:32 INFO  : Result from executing command 'getProjects': profiling_arm
18:44:32 INFO  : Result from executing command 'getPlatforms': profiling_arm|/home/inf2021/iathanasi/embedded/Embedded-Systems/lab2/step2/Vitis/profiling_arm/export/profiling_arm/profiling_arm.xpfm;zedboard_202020_1|/opt/Xilinx/Vitis/2020.2/platforms/zedboard_202020_1/zedboard_202020_1.xpfm
18:44:35 INFO  : Checking for BSP changes to sync application flags for project 'profiling_arm_app'...
18:45:46 INFO  : Checking for BSP changes to sync application flags for project 'profiling_arm_app'...
18:46:33 INFO  : Build configuration of 'profiling_arm_app' is updated to 'Release'
18:46:33 INFO  : Checking for BSP changes to sync application flags for project 'profiling_arm_app'...
18:47:29 INFO  : Checking for BSP changes to sync application flags for project 'profiling_arm_app'...
18:48:15 INFO  : Checking for BSP changes to sync application flags for project 'profiling_arm_app'...
18:48:36 INFO  : Build configuration of 'profiling_arm_app_system' is updated to 'Debug'
18:48:36 INFO  : Build configuration of system project is automatically updated to 'Debug'.
18:48:37 INFO  : Checking for BSP changes to sync application flags for project 'profiling_arm_app'...
18:49:00 INFO  : Checking for BSP changes to sync application flags for project 'profiling_arm_app'...
