12 [140067204125632] INFO perfrun.launcher <> - Launcher main begin
15 [140067204125632] INFO perfrun.launcher <> - MessageCatalogInit finished
15 [140067204125632] INFO perfrun.launcher <> - Launcher instance created
15 [140067204125632] INFO perfrun.launcher <> - argc = 6; cmdline = /opt/intel/oneapi/advisor/2022.1.0/bin64/advixe-runss --ui-output-format xml --ui-output-fd 106 --context-value-list 
78 [140067204125632] INFO perfrun.launcher <> - create msngr2::ICliToolContext
79 [140067204125632] INFO perfrun.launcher <> - create file finder object
81 [140067204125632] INFO perfrun.launcher <> - Put into the variant bag the context value: name = targetOS; value = Linux
81 [140067204125632] INFO perfrun.launcher <> - Put into the variant bag the context value: name = OS; value = Linux
81 [140067204125632] INFO perfrun.launcher <> - Put into the variant bag the context value: name = OSBuildNumber; value = 21
81 [140067204125632] INFO perfrun.launcher <> - Put into the variant bag the context value: name = OSBitness; value = 64
82 [140067204125632] INFO perfrun.launcher <> - Put into the variant bag the context value: name = RootPrivileges; value = false
82 [140067204125632] INFO perfrun.launcher <> - Put into the variant bag the context value: name = isPtraceScopeLimited; value = false
82 [140067204125632] INFO perfrun.launcher <> - Put into the variant bag the context value: name = isCATSupportedByCPU; value = true
82 [140067204125632] INFO perfrun.launcher <> - Put into the variant bag the context value: name = isL3CATAvailable; value = true
82 [140067204125632] INFO perfrun.launcher <> - Put into the variant bag the context value: name = L3CATDetails; value = COS=16;ways=20
82 [140067204125632] INFO perfrun.launcher <> - Put into the variant bag the context value: name = isL2CATAvailable; value = false
82 [140067204125632] INFO perfrun.launcher <> - Put into the variant bag the context value: name = isL3MonitoringSupportedByCPU; value = true
82 [140067204125632] INFO perfrun.launcher <> - Put into the variant bag the context value: name = LLCSize; value = 10485760
82 [140067204125632] INFO perfrun.launcher <> - Put into the variant bag the context value: name = cacheMonitoringUpscalingFactor; value = 16384
82 [140067204125632] INFO perfrun.launcher <> - Put into the variant bag the context value: name = isL3CacheOccupancyAvailable; value = true
82 [140067204125632] INFO perfrun.launcher <> - Put into the variant bag the context value: name = isL3TotalBWAvailable; value = true
82 [140067204125632] INFO perfrun.launcher <> - Put into the variant bag the context value: name = isL3LocalBWAvailable; value = true
82 [140067204125632] INFO perfrun.launcher <> - Put into the variant bag the context value: name = isTSXAvailable; value = true
82 [140067204125632] INFO perfrun.launcher <> - Put into the variant bag the context value: name = isPTAvailable; value = true
82 [140067204125632] INFO perfrun.launcher <> - Put into the variant bag the context value: name = isHTEnabled; value = false
82 [140067204125632] INFO perfrun.launcher <> - Put into the variant bag the context value: name = fpgaOnBoard; value = None
82 [140067204125632] INFO perfrun.launcher <> - Put into the variant bag the context value: name = omniPathOnBoard; value = None
82 [140067204125632] INFO perfrun.launcher <> - Put into the variant bag the context value: name = genArchOnBoard; value = 0
82 [140067204125632] INFO perfrun.launcher <> - Put into the variant bag the context value: name = pciClassParts; value = 
82 [140067204125632] INFO perfrun.launcher <> - Put into the variant bag the context value: name = tidValuesForIO; value = 
82 [140067204125632] INFO perfrun.launcher <> - Put into the variant bag the context value: name = populatedIoParts; value = 
82 [140067204125632] INFO perfrun.launcher <> - Put into the variant bag the context value: name = populatedIoUnits; value = 
82 [140067204125632] INFO perfrun.launcher <> - Put into the variant bag the context value: name = populatedTidValuesForIO; value = 
83 [140067204125632] INFO perfrun.launcher <> - Put into the variant bag the context value: name = isSGXAvailable; value = false
83 [140067204125632] INFO perfrun.launcher <> - Put into the variant bag the context value: name = LinuxRelease; value = 5.14.21-150400.24.18-default
83 [140067204125632] INFO perfrun.launcher <> - Put into the variant bag the context value: name = is3DXPPresent; value = false
83 [140067204125632] INFO perfrun.launcher <> - Put into the variant bag the context value: name = is3DXP2LMMode; value = false
83 [140067204125632] INFO perfrun.launcher <> - Put into the variant bag the context value: name = is3DXPAppDirectMode; value = false
83 [140067204125632] INFO perfrun.launcher <> - Put into the variant bag the context value: name = IsNUMANodeWithoutCPUsPresent; value = false
83 [140067204125632] INFO perfrun.launcher <> - Put into the variant bag the context value: name = Hypervisor; value = None
83 [140067204125632] INFO perfrun.launcher <> - Put into the variant bag the context value: name = PerfmonVersion; value = 3
83 [140067204125632] INFO perfrun.launcher <> - Put into the variant bag the context value: name = isMaxDRAMBandwidthMeasurementSupported; value = false
83 [140067204125632] INFO perfrun.launcher <> - Put into the variant bag the context value: name = preferedGpuAdapter; value = none
83 [140067204125632] INFO perfrun.launcher <> - Put into the variant bag the context value: name = isEHFIAvailable; value = false
83 [140067204125632] INFO perfrun.launcher <> - Put into the variant bag the context value: name = i915Status; value = MissingDriver
83 [140067204125632] INFO perfrun.launcher <> - Put into the variant bag the context value: name = isTPSSAvailable; value = true
83 [140067204125632] INFO perfrun.launcher <> - Put into the variant bag the context value: name = isPytraceAvailable; value = true
83 [140067204125632] INFO perfrun.launcher <> - Put into the variant bag the context value: name = forceShowInlines; value = false
83 [140067204125632] INFO perfrun.launcher <> - Application exit code: 0
83 [140067204125632] INFO perfrun.launcher <> - Exit code: 0
