67 [139660057301952] INFO perfrun.launcher <> - Launcher main begin
70 [139660057301952] INFO perfrun.launcher <> - MessageCatalogInit finished
70 [139660057301952] INFO perfrun.launcher <> - Launcher instance created
70 [139660057301952] INFO perfrun.launcher <> - argc = 7; cmdline = /opt/intel/oneapi/advisor/2022.1.0/bin64/advixe-runss --ui-output-format xml --ui-output-fd 122 --option-file /home/inf2021/iathanasi/embedded/Embedded-Systems/lab3/lsal/sw_x86/advisor/optimised/e000/hs002/config/runss.options 
205 [139660057301952] INFO perfrun.launcher <> - create msngr2::ICliToolContext
205 [139660057301952] INFO perfrun.launcher <> - create file finder object
205 [139660057301952] INFO perfrun.launcher <> - create a result directory: pattern = /home/inf2021/iathanasi/embedded/Embedded-Systems/lab3/lsal/sw_x86/advisor/optimised/e000/hs002 pid = 4294967295
212 [139660057301952] INFO perfrun.sdk <> - checked that the directory /home/inf2021/iathanasi/embedded/Embedded-Systems/lab3/lsal/sw_x86/advisor/optimised/e000/hs002 is a local directory
213 [139660057301952] INFO perfrun.sdk <> - the directory /home/inf2021/iathanasi/embedded/Embedded-Systems/lab3/lsal/sw_x86/advisor/optimised/e000/hs002 is located on a share or its FS ID is unknown 26985
213 [139660057301952] INFO perfrun.sdk <> - checked that the directory /tmp/advixe-tmp-iathanasi is a local directory
213 [139660057301952] INFO perfrun.sdk <> - the directory /tmp/advixe-tmp-iathanasi is a local directory with FS type ID 1481003842
214 [139660057301952] INFO perfrun.launcher <> - Create a local result directory /tmp/advixe-tmp-iathanasi/advixe-res-9811-54484863674264 due to the user result path /home/inf2021/iathanasi/embedded/Embedded-Systems/lab3/lsal/sw_x86/advisor/optimised/e000/hs002 is located on a share
214 [139660057301952] INFO perfrun.launcher <> - create data directory = /tmp/advixe-tmp-iathanasi/advixe-res-9811-54484863674264/data.0
215 [139660057301952] INFO perfrun.launcher <> - create data directory = /home/inf2021/iathanasi/embedded/Embedded-Systems/lab3/lsal/sw_x86/advisor/optimised/e000/hs002/data.0
216 [139660057301952] INFO perfrun.launcher <> - Creating the master collection flag
219 [139660057301952] INFO perfrun.launcher <> - Done creating the master collection flag
220 [139659920480000] INFO perfrun.launcher <> - plugin [remoteplug] was disabled because it doesn't support the given collection type.
220 [139659920480000] INFO perfrun.sdk <> - Allocating TMU :/tmp/advixe-tmp-iathanasi/advixe-res-9811-54484863674264/data.0/systemcollector-9811-localhost.localdomain.sc
220 [139659920480000] INFO perfrun.launcher <> - plugin [] was disabled because it doesn't support the given collection type.
220 [139659920480000] INFO perfrun.launcher <> - plugin [gpu] was disabled because it doesn't support the given collection type.
220 [139659920480000] INFO perfrun.launcher <> - plugin [] was disabled because it doesn't support the given collection type.
220 [139659920480000] INFO perfrun.launcher <> - plugin [] was disabled because it doesn't support the given collection type.
220 [139659920480000] INFO perfrun.launcher <> - plugin [] was disabled because it doesn't support the given collection type.
220 [139659920480000] INFO perfrun.mrte <> - system-wide mode is 0
220 [139659920480000] INFO perfrun.mrte <> - Getting  mrte profiling environment ...
228 [139659920480000] INFO perfrun.mrte <> - INTEL_MRTE_DATA_DIR=/tmp/advixe-tmp-iathanasi/advixe-res-9811-54484863674264/data.0
228 [139659920480000] INFO perfrun.mrte <> - INTEL_MRTE_HOST_NAME=localhost.localdomain
228 [139659920480000] INFO perfrun.mrte <> - JAVA_TOOL_OPTIONS=-agentlib:advixe_tpssmrte_javaprof_1.0 -Dsun.boot.library.path=/opt/intel/oneapi/advisor/2022.1.0/lib32/runtime:/opt/intel/oneapi/advisor/2022.1.0/lib64/runtime
228 [139659920480000] INFO perfrun.mrte <> - LD_LIBRARY_PATH=/opt/intel/oneapi/advisor/2022.1.0/lib32/runtime:/opt/intel/oneapi/advisor/2022.1.0/lib64/runtime:/opt/ns-allinone-2.35/otcl-1.14:/opt/ns-allinone-2.35/lib
228 [139659920480000] INFO perfrun.mrte <> - Data directory: /tmp/advixe-tmp-iathanasi/advixe-res-9811-54484863674264/data.0
228 [139659920480000] INFO perfrun.mrte <> - Mrte plugin is initialized
228 [139659920480000] INFO perfrun.launcher <> - plugin [] was disabled because it doesn't support the given collection type.
228 [139659920480000] INFO perfrun.launcher <> - plugin [] was disabled because it doesn't support the given collection type.
228 [139659920480000] INFO perfrun.launcher <> - plugin [] was disabled because it doesn't support the given collection type.
228 [139659920480000] INFO perfrun.launcher <> - plugin [] was disabled because it doesn't support the given collection type.
228 [139659920480000] INFO perfrun.launcher <> - plugin [] was disabled because it doesn't support the given collection type.
228 [139659920480000] INFO perfrun.launcher <> - plugin [] was disabled because it doesn't support the given collection type.
228 [139659920480000] INFO perfrun.launcher <> - plugin [] was disabled because it doesn't support the given collection type.
228 [139659920480000] INFO perfrun.tpss <> - initialize tpss controller
228 [139659920480000] INFO perfrun.tpss <> - configure collection mode: value = cpu:stack
228 [139659920480000] INFO perfrun.tpss <> - default obj-size-min=1024
228 [139659920480000] INFO perfrun.tpss <> - default hash-table-size=0
228 [139659920480000] INFO perfrun.launcher <> - plugin [] was disabled because it doesn't support the given collection type.
228 [139659920480000] INFO perfrun.launcher <> - plugin [] was disabled because it doesn't support the given collection type.
228 [139659920480000] INFO perfrun.launcher <> - plugin [] was disabled because it doesn't support the given collection type.
228 [139659920480000] INFO perfrun.launcher <> - plugin [] was disabled because it doesn't support the given collection type.
228 [139659920480000] INFO perfrun.launcher <> - plugin [] was disabled because it doesn't support the given collection type.
228 [139659920480000] INFO perfrun.launcher <> - plugin [] was disabled because it doesn't support the given collection type.
228 [139659920480000] INFO perfrun.launcher <> - plugin [] was disabled because it doesn't support the given collection type.
228 [139659920480000] INFO perfrun.launcher <> - plugin [] was disabled because it doesn't support the given collection type.
228 [139659920480000] INFO perfrun.launcher <> - plugin [] was disabled because it doesn't support the given collection type.
228 [139660057301952] INFO perfrun.launcher <> - set environment variable: LD_LIBRARY_PATH = /opt/intel/oneapi/advisor/2022.1.0/lib32/runtime:/opt/intel/oneapi/advisor/2022.1.0/lib64/runtime:/opt/ns-allinone-2.35/otcl-1.14:/opt/ns-allinone-2.35/lib
230 [139660057301952] INFO perfrun.launcher <> - set environment variable: INTEL_LIBITTNOTIFY32 = /opt/intel/oneapi/advisor/2022.1.0/lib32/runtime/libittnotify_collector.so
230 [139660057301952] INFO perfrun.launcher <> - set environment variable: INTEL_LIBITTNOTIFY64 = /opt/intel/oneapi/advisor/2022.1.0/lib64/runtime/libittnotify_collector.so
231 [139660057301952] INFO perfrun.launcher <> - set environment variable: INTEL_ITTNOTIFY_GROUPS = 
232 [139660057301952] INFO perfrun.launcher <> - set environment variable: INTEL_JIT_PROFILER32 = /opt/intel/oneapi/advisor/2022.1.0/lib32/runtime/libittnotify_collector.so
232 [139660057301952] INFO perfrun.launcher <> - set environment variable: INTEL_JIT_PROFILER64 = /opt/intel/oneapi/advisor/2022.1.0/lib64/runtime/libittnotify_collector.so
233 [139660057301952] INFO perfrun.launcher <> - set environment variable: VS_PROFILER = libittnotify_collector.so
234 [139660057301952] INFO perfrun.launcher <> - set environment variable: OMP_TOOL_LIBRARIES = /opt/intel/oneapi/advisor/2022.1.0/lib32/runtime/libittnotify_collector.so:/opt/intel/oneapi/advisor/2022.1.0/lib64/runtime/libittnotify_collector.so
234 [139660057301952] INFO perfrun.launcher <> - set environment variable: ENABLE_JITPROFILING = 1
235 [139660057301952] INFO perfrun.launcher <> - set environment variable: CL_CONFIG_USE_VTUNE = True
235 [139660057301952] INFO perfrun.launcher <> - set environment variable: KMP_FORKJOIN_FRAMES = 0
236 [139660057301952] INFO perfrun.launcher <> - set environment variable: KMP_FORKJOIN_FRAMES_MODE = 0
237 [139660057301952] INFO perfrun.launcher <> - set environment variable: OMP_TOOL = disabled
237 [139660057301952] INFO perfrun.launcher <> - set environment variable: INTEL_MRTE_DATA_DIR = /tmp/advixe-tmp-iathanasi/advixe-res-9811-54484863674264/data.0
237 [139660057301952] INFO perfrun.launcher <> - set environment variable: INTEL_MRTE_HOST_NAME = localhost.localdomain
238 [139660057301952] INFO perfrun.launcher <> - set environment variable: JAVA_TOOL_OPTIONS = -agentlib:advixe_tpssmrte_javaprof_1.0 -Dsun.boot.library.path=/opt/intel/oneapi/advisor/2022.1.0/lib32/runtime:/opt/intel/oneapi/advisor/2022.1.0/lib64/runtime
238 [139660057301952] INFO perfrun.launcher <> - set environment variable: LD_LIBRARY_PATH = /opt/intel/oneapi/advisor/2022.1.0/lib32/runtime:/opt/intel/oneapi/advisor/2022.1.0/lib64/runtime:/opt/ns-allinone-2.35/otcl-1.14:/opt/ns-allinone-2.35/lib
238 [139660057301952] INFO perfrun.launcher <> - RpcServer: run RPC server to handle requests
240 [139660057301952] INFO perfrun.launcher <> - Launcher: command line to start before modification = /home/inf2021/iathanasi/embedded/Embedded-Systems/lab3/lsal/sw_x86/lab_input/lsal_sw_x86 256 300000
240 [139660057301952] INFO perfrun.launcher <> - Launcher: command line to start after modification = /opt/intel/oneapi/advisor/2022.1.0/bin64/pin -error_file /tmp/advixe-tmp-iathanasi/advixe-res-9811-54484863674264/data.0/pinerr.tpsslog -detach_reattach -follow_execv -tool_load_option deepbind -t64 /opt/intel/oneapi/advisor/2022.1.0/lib64/libtpsstool.so -t /opt/intel/oneapi/advisor/2022.1.0/lib32/libtpsstool.so -server_name tpss_ipc.9811 -prd_dir /opt/intel/oneapi/advisor/2022.1.0 -- /home/inf2021/iathanasi/embedded/Embedded-Systems/lab3/lsal/sw_x86/lab_input/lsal_sw_x86 256 300000
240 [139660057301952] INFO perfrun.launcher <> - ProcessCreator object was created
241 [139660057301952] INFO perfrun.launcher <> - Launcher: the process was started in suspend mode
242 [139659920480000] WARN perfrun.system <> - Could not do anything with /sys/kernel/debug/kvm: boost::filesystem::status: Permission denied: "/sys/kernel/debug/kvm", at file: vcs/perfrun1/plugins/system/src/trace_writer.cpp:787
242 [139659920480000] WARN perfrun.system <> - Folder "/var/run/libvirt/qemu/"doesn't exist, at file: vcs/perfrun1/plugins/system/src/trace_writer.cpp:800
243 [139659920480000] WARN perfrun.sdk <> - Failed to find xl binary on any of the system paths: /bin, /sbin, /usr/bin, /usr/sbin., at file: vcs/perfrun1/sdk/src/utils.cpp:204
247 [139659920480000] INFO perfrun.vdso <> - Helper runtool '/opt/intel/oneapi/advisor/2022.1.0/bin32/advixe-runss -dump-vdso -r /tmp/advixe-tmp-iathanasi/advixe-res-9811-54484863674264 --tmp-dir /tmp/advixe-tmp-iathanasi' returned 1
471 [139659920480000] INFO perfrun.vdso <> - Helper runtool '/opt/intel/oneapi/advisor/2022.1.0/bin64/advixe-runss -dump-vdso -r /tmp/advixe-tmp-iathanasi/advixe-res-9811-54484863674264 --tmp-dir /tmp/advixe-tmp-iathanasi' returned 0
471 [139659920480000] INFO perfrun.itt <> - start itt controller for pid #9828
473 [139659920480000] INFO perfrun.tpss <> - start tpss controller for pid #9828
523 [139660057301952] INFO perfrun.launcher <> - Launcher: all plugins were started
523 [139660057301952] INFO perfrun.launcher <> - DirectoryMonitor object was created
524 [139660057301952] INFO perfrun.launcher <> - DirectoryMonitor: a callback was added
524 [139660057301952] INFO perfrun.launcher <> - DirectoryMonitor was started with pingTime = 1000
524 [139660057301952] INFO perfrun.launcher <> - DeadlineTimer is going to be constructed
525 [139660057301952] INFO perfrun.launcher <> - DeadlineTimer: a callback was added
528 [139660057301952] INFO perfrun.launcher <> - Launcher: resume the profiled application and  wait its termination or stop command
1312 [139660057301952] INFO perfrun.launcher <> - Launcher: the profiled application was terminated  with exit code = 0
1318 [139659920480000] INFO perfrun.itt <> - detach itt controller
1318 [139659920480000] INFO perfrun.itt <> - detach itt controller done
1318 [139659920480000] INFO perfrun.tpss <> - stop tpss controller
1319 [139659920480000] INFO perfrun.sdk <> - De-allocating TMU: /tmp/advixe-tmp-iathanasi/advixe-res-9811-54484863674264/data.0/systemcollector-9811-localhost.localdomain.sc
1319 [139659920480000] INFO perfrun.system <> - closed the system trace file: /tmp/advixe-tmp-iathanasi/advixe-res-9811-54484863674264/data.0/systemcollector-9811-localhost.localdomain.sc
1319 [139660057301952] INFO perfrun.launcher <> - Launcher: all plugins were stopped.
1319 [139660057301952] INFO perfrun.launcher <> - DeadlineTimer is going to be destroyed
1319 [139660057301952] INFO perfrun.launcher <> - DeadlineTimer was destroyed
1319 [139660057301952] INFO perfrun.launcher <> - DirectoryMonitor object was destroyed
1319 [139660057301952] WARN perfrun.launcher <> - Stop command is ignored because it is received when collection is already stopped, at file: vcs/perfrun1/launcher/src/command_handler.cpp:226
1342 [139660057301952] INFO perfrun.launcher <> - Application exit code: 0
1343 [139660057301952] INFO perfrun.launcher <> - Exit code: 0
