62 [140609352205248] INFO perfrun.launcher <> - Launcher main begin
65 [140609352205248] INFO perfrun.launcher <> - MessageCatalogInit finished
65 [140609352205248] INFO perfrun.launcher <> - Launcher instance created
65 [140609352205248] INFO perfrun.launcher <> - argc = 6; cmdline = /opt/intel/oneapi/advisor/2022.1.0/bin64/advixe-runss --ui-output-format xml --ui-output-fd 123 --context-value-list 
127 [140609352205248] INFO perfrun.launcher <> - create msngr2::ICliToolContext
127 [140609352205248] INFO perfrun.launcher <> - create file finder object
201 [140609352205248] INFO perfrun.launcher <> - Put into the variant bag the context value: name = targetOS; value = Linux
201 [140609352205248] INFO perfrun.launcher <> - Put into the variant bag the context value: name = OS; value = Linux
202 [140609352205248] INFO perfrun.launcher <> - Put into the variant bag the context value: name = OSBuildNumber; value = 21
202 [140609352205248] INFO perfrun.launcher <> - Put into the variant bag the context value: name = OSBitness; value = 64
202 [140609352205248] INFO perfrun.launcher <> - Put into the variant bag the context value: name = RootPrivileges; value = false
203 [140609352205248] INFO perfrun.launcher <> - Put into the variant bag the context value: name = isPtraceScopeLimited; value = false
204 [140609352205248] INFO perfrun.launcher <> - Put into the variant bag the context value: name = isCATSupportedByCPU; value = true
204 [140609352205248] INFO perfrun.launcher <> - Put into the variant bag the context value: name = isL3CATAvailable; value = true
205 [140609352205248] INFO perfrun.launcher <> - Put into the variant bag the context value: name = L3CATDetails; value = COS=16;ways=20
205 [140609352205248] INFO perfrun.launcher <> - Put into the variant bag the context value: name = isL2CATAvailable; value = false
206 [140609352205248] INFO perfrun.launcher <> - Put into the variant bag the context value: name = isL3MonitoringSupportedByCPU; value = true
207 [140609352205248] INFO perfrun.launcher <> - Put into the variant bag the context value: name = LLCSize; value = 10485760
207 [140609352205248] INFO perfrun.launcher <> - Put into the variant bag the context value: name = cacheMonitoringUpscalingFactor; value = 16384
208 [140609352205248] INFO perfrun.launcher <> - Put into the variant bag the context value: name = isL3CacheOccupancyAvailable; value = true
208 [140609352205248] INFO perfrun.launcher <> - Put into the variant bag the context value: name = isL3TotalBWAvailable; value = true
208 [140609352205248] INFO perfrun.launcher <> - Put into the variant bag the context value: name = isL3LocalBWAvailable; value = true
208 [140609352205248] INFO perfrun.launcher <> - Put into the variant bag the context value: name = isTSXAvailable; value = true
208 [140609352205248] INFO perfrun.launcher <> - Put into the variant bag the context value: name = isPTAvailable; value = true
208 [140609352205248] INFO perfrun.launcher <> - Put into the variant bag the context value: name = isHTEnabled; value = false
209 [140609352205248] INFO perfrun.launcher <> - Put into the variant bag the context value: name = fpgaOnBoard; value = None
209 [140609352205248] INFO perfrun.launcher <> - Put into the variant bag the context value: name = omniPathOnBoard; value = None
209 [140609352205248] INFO perfrun.launcher <> - Put into the variant bag the context value: name = genArchOnBoard; value = 0
209 [140609352205248] INFO perfrun.launcher <> - Put into the variant bag the context value: name = pciClassParts; value = 
209 [140609352205248] INFO perfrun.launcher <> - Put into the variant bag the context value: name = tidValuesForIO; value = 
210 [140609352205248] INFO perfrun.launcher <> - Put into the variant bag the context value: name = populatedIoParts; value = 
210 [140609352205248] INFO perfrun.launcher <> - Put into the variant bag the context value: name = populatedIoUnits; value = 
210 [140609352205248] INFO perfrun.launcher <> - Put into the variant bag the context value: name = populatedTidValuesForIO; value = 
210 [140609352205248] INFO perfrun.launcher <> - Put into the variant bag the context value: name = isSGXAvailable; value = false
210 [140609352205248] INFO perfrun.launcher <> - Put into the variant bag the context value: name = LinuxRelease; value = 5.14.21-150400.24.18-default
211 [140609352205248] INFO perfrun.launcher <> - Put into the variant bag the context value: name = is3DXPPresent; value = false
211 [140609352205248] INFO perfrun.launcher <> - Put into the variant bag the context value: name = is3DXP2LMMode; value = false
211 [140609352205248] INFO perfrun.launcher <> - Put into the variant bag the context value: name = is3DXPAppDirectMode; value = false
211 [140609352205248] INFO perfrun.launcher <> - Put into the variant bag the context value: name = IsNUMANodeWithoutCPUsPresent; value = false
211 [140609352205248] INFO perfrun.launcher <> - Put into the variant bag the context value: name = Hypervisor; value = None
211 [140609352205248] INFO perfrun.launcher <> - Put into the variant bag the context value: name = PerfmonVersion; value = 3
212 [140609352205248] INFO perfrun.launcher <> - Put into the variant bag the context value: name = isMaxDRAMBandwidthMeasurementSupported; value = false
212 [140609352205248] INFO perfrun.launcher <> - Put into the variant bag the context value: name = preferedGpuAdapter; value = none
212 [140609352205248] INFO perfrun.launcher <> - Put into the variant bag the context value: name = isEHFIAvailable; value = false
212 [140609352205248] INFO perfrun.launcher <> - Put into the variant bag the context value: name = i915Status; value = MissingDriver
212 [140609352205248] INFO perfrun.launcher <> - Put into the variant bag the context value: name = isTPSSAvailable; value = true
212 [140609352205248] INFO perfrun.launcher <> - Put into the variant bag the context value: name = isPytraceAvailable; value = true
213 [140609352205248] INFO perfrun.launcher <> - Put into the variant bag the context value: name = forceShowInlines; value = false
213 [140609352205248] INFO perfrun.launcher <> - Application exit code: 0
214 [140609352205248] INFO perfrun.launcher <> - Exit code: 0
