12 [140034354607040] INFO perfrun.launcher <> - Launcher main begin
15 [140034354607040] INFO perfrun.launcher <> - MessageCatalogInit finished
15 [140034354607040] INFO perfrun.launcher <> - Launcher instance created
15 [140034354607040] INFO perfrun.launcher <> - argc = 6; cmdline = /opt/intel/oneapi/advisor/2022.1.0/bin64/advixe-runss --ui-output-format xml --ui-output-fd 99 --context-value-list 
70 [140034354607040] INFO perfrun.launcher <> - create msngr2::ICliToolContext
71 [140034354607040] INFO perfrun.launcher <> - create file finder object
72 [140034354607040] INFO perfrun.launcher <> - Put into the variant bag the context value: name = targetOS; value = Linux
72 [140034354607040] INFO perfrun.launcher <> - Put into the variant bag the context value: name = OS; value = Linux
72 [140034354607040] INFO perfrun.launcher <> - Put into the variant bag the context value: name = OSBuildNumber; value = 21
72 [140034354607040] INFO perfrun.launcher <> - Put into the variant bag the context value: name = OSBitness; value = 64
72 [140034354607040] INFO perfrun.launcher <> - Put into the variant bag the context value: name = RootPrivileges; value = false
73 [140034354607040] INFO perfrun.launcher <> - Put into the variant bag the context value: name = isPtraceScopeLimited; value = false
73 [140034354607040] INFO perfrun.launcher <> - Put into the variant bag the context value: name = isCATSupportedByCPU; value = true
73 [140034354607040] INFO perfrun.launcher <> - Put into the variant bag the context value: name = isL3CATAvailable; value = true
73 [140034354607040] INFO perfrun.launcher <> - Put into the variant bag the context value: name = L3CATDetails; value = COS=16;ways=20
73 [140034354607040] INFO perfrun.launcher <> - Put into the variant bag the context value: name = isL2CATAvailable; value = false
73 [140034354607040] INFO perfrun.launcher <> - Put into the variant bag the context value: name = isL3MonitoringSupportedByCPU; value = true
73 [140034354607040] INFO perfrun.launcher <> - Put into the variant bag the context value: name = LLCSize; value = 10485760
73 [140034354607040] INFO perfrun.launcher <> - Put into the variant bag the context value: name = cacheMonitoringUpscalingFactor; value = 16384
73 [140034354607040] INFO perfrun.launcher <> - Put into the variant bag the context value: name = isL3CacheOccupancyAvailable; value = true
73 [140034354607040] INFO perfrun.launcher <> - Put into the variant bag the context value: name = isL3TotalBWAvailable; value = true
73 [140034354607040] INFO perfrun.launcher <> - Put into the variant bag the context value: name = isL3LocalBWAvailable; value = true
73 [140034354607040] INFO perfrun.launcher <> - Put into the variant bag the context value: name = isTSXAvailable; value = true
73 [140034354607040] INFO perfrun.launcher <> - Put into the variant bag the context value: name = isPTAvailable; value = true
73 [140034354607040] INFO perfrun.launcher <> - Put into the variant bag the context value: name = isHTEnabled; value = false
73 [140034354607040] INFO perfrun.launcher <> - Put into the variant bag the context value: name = fpgaOnBoard; value = None
73 [140034354607040] INFO perfrun.launcher <> - Put into the variant bag the context value: name = omniPathOnBoard; value = None
73 [140034354607040] INFO perfrun.launcher <> - Put into the variant bag the context value: name = genArchOnBoard; value = 0
73 [140034354607040] INFO perfrun.launcher <> - Put into the variant bag the context value: name = pciClassParts; value = 
73 [140034354607040] INFO perfrun.launcher <> - Put into the variant bag the context value: name = tidValuesForIO; value = 
73 [140034354607040] INFO perfrun.launcher <> - Put into the variant bag the context value: name = populatedIoParts; value = 
73 [140034354607040] INFO perfrun.launcher <> - Put into the variant bag the context value: name = populatedIoUnits; value = 
73 [140034354607040] INFO perfrun.launcher <> - Put into the variant bag the context value: name = populatedTidValuesForIO; value = 
73 [140034354607040] INFO perfrun.launcher <> - Put into the variant bag the context value: name = isSGXAvailable; value = false
73 [140034354607040] INFO perfrun.launcher <> - Put into the variant bag the context value: name = LinuxRelease; value = 5.14.21-150400.24.18-default
73 [140034354607040] INFO perfrun.launcher <> - Put into the variant bag the context value: name = is3DXPPresent; value = false
73 [140034354607040] INFO perfrun.launcher <> - Put into the variant bag the context value: name = is3DXP2LMMode; value = false
73 [140034354607040] INFO perfrun.launcher <> - Put into the variant bag the context value: name = is3DXPAppDirectMode; value = false
74 [140034354607040] INFO perfrun.launcher <> - Put into the variant bag the context value: name = IsNUMANodeWithoutCPUsPresent; value = false
74 [140034354607040] INFO perfrun.launcher <> - Put into the variant bag the context value: name = Hypervisor; value = None
74 [140034354607040] INFO perfrun.launcher <> - Put into the variant bag the context value: name = PerfmonVersion; value = 3
74 [140034354607040] INFO perfrun.launcher <> - Put into the variant bag the context value: name = isMaxDRAMBandwidthMeasurementSupported; value = false
74 [140034354607040] INFO perfrun.launcher <> - Put into the variant bag the context value: name = preferedGpuAdapter; value = none
74 [140034354607040] INFO perfrun.launcher <> - Put into the variant bag the context value: name = isEHFIAvailable; value = false
74 [140034354607040] INFO perfrun.launcher <> - Put into the variant bag the context value: name = i915Status; value = MissingDriver
74 [140034354607040] INFO perfrun.launcher <> - Put into the variant bag the context value: name = isTPSSAvailable; value = true
74 [140034354607040] INFO perfrun.launcher <> - Put into the variant bag the context value: name = isPytraceAvailable; value = true
74 [140034354607040] INFO perfrun.launcher <> - Put into the variant bag the context value: name = forceShowInlines; value = false
74 [140034354607040] INFO perfrun.launcher <> - Application exit code: 0
74 [140034354607040] INFO perfrun.launcher <> - Exit code: 0
