

================================================================
== Synthesis Summary Report of 'compute_matrices'
================================================================
+ General Information: 
    * Date:           Fri Jun 28 02:20:31 2024
    * Version:        2020.2 (Build 3064766 on Wed Nov 18 09:12:47 MST 2020)
    * Project:        LSAL_HW
    * Solution:       solution1 (Vitis Kernel Flow Target)
    * Product family: zynq
    * Target device:  xc7z020-clg484-1
    

+ Performance & Resource Estimates: 
    
    PS: '+' for module; 'o' for loop; '*' for dataflow
    +--------------------+--------+-------+---------+-----------+----------+---------+---------+----------+------------+----------+-------------+--------------+-----+
    |       Modules      |  Issue |       | Latency |  Latency  | Iteration|         |   Trip  |          |            |          |             |              |     |
    |       & Loops      |  Type  | Slack | (cycles)|    (ns)   |  Latency | Interval|  Count  | Pipelined|    BRAM    |    DSP   |      FF     |      LUT     | URAM|
    +--------------------+--------+-------+---------+-----------+----------+---------+---------+----------+------------+----------+-------------+--------------+-----+
    |+ compute_matrices  |  Timing|   2.25|  6361502|  6.362e+07|         -|  6361503|        -|        no|  794 (283%)|  32 (14%)|  57840 (54%)|  82737 (155%)|    -|
    | o Loop 1           |       -|  -7.30|       64|    640.000|         1|        1|       64|       yes|           -|         -|            -|             -|    -|
    | o Loop 2           |       -|  -7.30|       32|    320.000|         1|        1|       32|       yes|           -|         -|            -|             -|    -|
    | o Loop 3           |       -|  -7.30|       32|    320.000|         1|        1|       32|       yes|           -|         -|            -|             -|    -|
    | o Loop 4           |       -|  -7.30|      103|  1.030e+03|        73|        1|       32|       yes|           -|         -|            -|             -|    -|
    | o Loop 5           |       -|  -7.30|    65670|  6.567e+05|        74|        1|    65598|       yes|           -|         -|            -|             -|    -|
    | o diag_for         |      II|  -7.30|  4196312|  4.196e+07|        89|       64|    65567|       yes|           -|         -|            -|             -|    -|
    | o Loop 7           |       -|  -7.30|  2099206|  2.099e+07|        72|        1|  2099136|       yes|           -|         -|            -|             -|    -|
    +--------------------+--------+-------+---------+-----------+----------+---------+---------+----------+------------+----------+-------------+--------------+-----+

