90 [140661855323072] INFO perfrun.launcher <> - Launcher main begin
93 [140661855323072] INFO perfrun.launcher <> - MessageCatalogInit finished
93 [140661855323072] INFO perfrun.launcher <> - Launcher instance created
93 [140661855323072] INFO perfrun.launcher <> - argc = 6; cmdline = /opt/intel/oneapi/advisor/2022.1.0/bin64/advixe-runss --ui-output-format xml --ui-output-fd 122 --context-value-list 
170 [140661855323072] INFO perfrun.launcher <> - create msngr2::ICliToolContext
171 [140661855323072] INFO perfrun.launcher <> - create file finder object
228 [140661855323072] INFO perfrun.launcher <> - Put into the variant bag the context value: name = targetOS; value = Linux
228 [140661855323072] INFO perfrun.launcher <> - Put into the variant bag the context value: name = OS; value = Linux
229 [140661855323072] INFO perfrun.launcher <> - Put into the variant bag the context value: name = OSBuildNumber; value = 21
229 [140661855323072] INFO perfrun.launcher <> - Put into the variant bag the context value: name = OSBitness; value = 64
230 [140661855323072] INFO perfrun.launcher <> - Put into the variant bag the context value: name = RootPrivileges; value = false
230 [140661855323072] INFO perfrun.launcher <> - Put into the variant bag the context value: name = isPtraceScopeLimited; value = false
231 [140661855323072] INFO perfrun.launcher <> - Put into the variant bag the context value: name = isCATSupportedByCPU; value = true
231 [140661855323072] INFO perfrun.launcher <> - Put into the variant bag the context value: name = isL3CATAvailable; value = true
232 [140661855323072] INFO perfrun.launcher <> - Put into the variant bag the context value: name = L3CATDetails; value = COS=16;ways=20
233 [140661855323072] INFO perfrun.launcher <> - Put into the variant bag the context value: name = isL2CATAvailable; value = false
233 [140661855323072] INFO perfrun.launcher <> - Put into the variant bag the context value: name = isL3MonitoringSupportedByCPU; value = true
234 [140661855323072] INFO perfrun.launcher <> - Put into the variant bag the context value: name = LLCSize; value = 10485760
235 [140661855323072] INFO perfrun.launcher <> - Put into the variant bag the context value: name = cacheMonitoringUpscalingFactor; value = 16384
235 [140661855323072] INFO perfrun.launcher <> - Put into the variant bag the context value: name = isL3CacheOccupancyAvailable; value = true
236 [140661855323072] INFO perfrun.launcher <> - Put into the variant bag the context value: name = isL3TotalBWAvailable; value = true
237 [140661855323072] INFO perfrun.launcher <> - Put into the variant bag the context value: name = isL3LocalBWAvailable; value = true
237 [140661855323072] INFO perfrun.launcher <> - Put into the variant bag the context value: name = isTSXAvailable; value = true
238 [140661855323072] INFO perfrun.launcher <> - Put into the variant bag the context value: name = isPTAvailable; value = true
239 [140661855323072] INFO perfrun.launcher <> - Put into the variant bag the context value: name = isHTEnabled; value = false
240 [140661855323072] INFO perfrun.launcher <> - Put into the variant bag the context value: name = fpgaOnBoard; value = None
240 [140661855323072] INFO perfrun.launcher <> - Put into the variant bag the context value: name = omniPathOnBoard; value = None
241 [140661855323072] INFO perfrun.launcher <> - Put into the variant bag the context value: name = genArchOnBoard; value = 0
241 [140661855323072] INFO perfrun.launcher <> - Put into the variant bag the context value: name = pciClassParts; value = 
242 [140661855323072] INFO perfrun.launcher <> - Put into the variant bag the context value: name = tidValuesForIO; value = 
243 [140661855323072] INFO perfrun.launcher <> - Put into the variant bag the context value: name = populatedIoParts; value = 
243 [140661855323072] INFO perfrun.launcher <> - Put into the variant bag the context value: name = populatedIoUnits; value = 
244 [140661855323072] INFO perfrun.launcher <> - Put into the variant bag the context value: name = populatedTidValuesForIO; value = 
244 [140661855323072] INFO perfrun.launcher <> - Put into the variant bag the context value: name = isSGXAvailable; value = false
245 [140661855323072] INFO perfrun.launcher <> - Put into the variant bag the context value: name = LinuxRelease; value = 5.14.21-150400.24.18-default
246 [140661855323072] INFO perfrun.launcher <> - Put into the variant bag the context value: name = is3DXPPresent; value = false
246 [140661855323072] INFO perfrun.launcher <> - Put into the variant bag the context value: name = is3DXP2LMMode; value = false
246 [140661855323072] INFO perfrun.launcher <> - Put into the variant bag the context value: name = is3DXPAppDirectMode; value = false
246 [140661855323072] INFO perfrun.launcher <> - Put into the variant bag the context value: name = IsNUMANodeWithoutCPUsPresent; value = false
247 [140661855323072] INFO perfrun.launcher <> - Put into the variant bag the context value: name = Hypervisor; value = None
247 [140661855323072] INFO perfrun.launcher <> - Put into the variant bag the context value: name = PerfmonVersion; value = 3
247 [140661855323072] INFO perfrun.launcher <> - Put into the variant bag the context value: name = isMaxDRAMBandwidthMeasurementSupported; value = false
248 [140661855323072] INFO perfrun.launcher <> - Put into the variant bag the context value: name = preferedGpuAdapter; value = none
249 [140661855323072] INFO perfrun.launcher <> - Put into the variant bag the context value: name = isEHFIAvailable; value = false
249 [140661855323072] INFO perfrun.launcher <> - Put into the variant bag the context value: name = i915Status; value = MissingDriver
250 [140661855323072] INFO perfrun.launcher <> - Put into the variant bag the context value: name = isTPSSAvailable; value = true
250 [140661855323072] INFO perfrun.launcher <> - Put into the variant bag the context value: name = isPytraceAvailable; value = true
251 [140661855323072] INFO perfrun.launcher <> - Put into the variant bag the context value: name = forceShowInlines; value = false
252 [140661855323072] INFO perfrun.launcher <> - Application exit code: 0
252 [140661855323072] INFO perfrun.launcher <> - Exit code: 0
