54 [139634173367232] INFO perfrun.launcher <> - Launcher main begin
57 [139634173367232] INFO perfrun.launcher <> - MessageCatalogInit finished
57 [139634173367232] INFO perfrun.launcher <> - Launcher instance created
57 [139634173367232] INFO perfrun.launcher <> - argc = 6; cmdline = /opt/intel/oneapi/advisor/2022.1.0/bin64/advixe-runss -dump-vdso -r /tmp/advixe-tmp-iathanasi/advixe-res-9811-54484863674264 --tmp-dir /tmp/advixe-tmp-iathanasi 
115 [139634173367232] INFO perfrun.launcher <> - create msngr2::ICliToolContext
116 [139634173367232] INFO perfrun.launcher <> - create file finder object
190 [139634036545280] INFO perfrun.launcher <> - plugin [remoteplug] was disabled because it doesn't support the given collection type.
190 [139634036545280] INFO perfrun.launcher <> - plugin [system] was disabled because it doesn't support the given collection type.
190 [139634036545280] INFO perfrun.vdso <> - dumping [vdso] pseudomodule
201 [139634036545280] INFO perfrun.launcher <> - plugin [itt] was disabled because it doesn't support the given collection type.
201 [139634036545280] INFO perfrun.launcher <> - plugin [] was disabled because it doesn't support the given collection type.
201 [139634036545280] INFO perfrun.launcher <> - plugin [gpu] was disabled because it doesn't support the given collection type.
201 [139634036545280] INFO perfrun.launcher <> - plugin [] was disabled because it doesn't support the given collection type.
201 [139634036545280] INFO perfrun.launcher <> - plugin [] was disabled because it doesn't support the given collection type.
201 [139634036545280] INFO perfrun.launcher <> - plugin [] was disabled because it doesn't support the given collection type.
201 [139634036545280] INFO perfrun.launcher <> - plugin [mrte] was disabled because it doesn't support the given collection type.
201 [139634036545280] INFO perfrun.launcher <> - plugin [] was disabled because it doesn't support the given collection type.
201 [139634036545280] INFO perfrun.launcher <> - plugin [] was disabled because it doesn't support the given collection type.
201 [139634036545280] INFO perfrun.launcher <> - plugin [] was disabled because it doesn't support the given collection type.
201 [139634036545280] INFO perfrun.launcher <> - plugin [] was disabled because it doesn't support the given collection type.
201 [139634036545280] INFO perfrun.launcher <> - plugin [] was disabled because it doesn't support the given collection type.
201 [139634036545280] INFO perfrun.launcher <> - plugin [] was disabled because it doesn't support the given collection type.
201 [139634036545280] INFO perfrun.launcher <> - plugin [] was disabled because it doesn't support the given collection type.
201 [139634036545280] INFO perfrun.launcher <> - plugin [tpss] was disabled because it doesn't support the given collection type.
201 [139634036545280] INFO perfrun.launcher <> - plugin [] was disabled because it doesn't support the given collection type.
201 [139634036545280] INFO perfrun.launcher <> - plugin [] was disabled because it doesn't support the given collection type.
201 [139634036545280] INFO perfrun.launcher <> - plugin [] was disabled because it doesn't support the given collection type.
201 [139634036545280] INFO perfrun.launcher <> - plugin [] was disabled because it doesn't support the given collection type.
201 [139634036545280] INFO perfrun.launcher <> - plugin [] was disabled because it doesn't support the given collection type.
201 [139634036545280] INFO perfrun.launcher <> - plugin [] was disabled because it doesn't support the given collection type.
201 [139634036545280] INFO perfrun.launcher <> - plugin [] was disabled because it doesn't support the given collection type.
201 [139634036545280] INFO perfrun.launcher <> - plugin [] was disabled because it doesn't support the given collection type.
201 [139634036545280] INFO perfrun.launcher <> - plugin [] was disabled because it doesn't support the given collection type.
201 [139634173367232] INFO perfrun.launcher <> - Application exit code: 0
202 [139634173367232] INFO perfrun.launcher <> - Exit code: 0
