96 [139836427453376] INFO perfrun.launcher <> - Launcher main begin
113 [139836427453376] INFO perfrun.launcher <> - MessageCatalogInit finished
113 [139836427453376] INFO perfrun.launcher <> - Launcher instance created
113 [139836427453376] INFO perfrun.launcher <> - argc = 6; cmdline = /opt/intel/oneapi/advisor/2022.1.0/bin64/advixe-runss --ui-output-format xml --ui-output-fd 115 --context-value-list 
195 [139836427453376] INFO perfrun.launcher <> - create msngr2::ICliToolContext
196 [139836427453376] INFO perfrun.launcher <> - create file finder object
239 [139836427453376] INFO perfrun.launcher <> - Put into the variant bag the context value: name = targetOS; value = Linux
241 [139836427453376] INFO perfrun.launcher <> - Put into the variant bag the context value: name = OS; value = Linux
241 [139836427453376] INFO perfrun.launcher <> - Put into the variant bag the context value: name = OSBuildNumber; value = 21
243 [139836427453376] INFO perfrun.launcher <> - Put into the variant bag the context value: name = OSBitness; value = 64
243 [139836427453376] INFO perfrun.launcher <> - Put into the variant bag the context value: name = RootPrivileges; value = false
246 [139836427453376] INFO perfrun.launcher <> - Put into the variant bag the context value: name = isPtraceScopeLimited; value = false
249 [139836427453376] INFO perfrun.launcher <> - Put into the variant bag the context value: name = isCATSupportedByCPU; value = true
250 [139836427453376] INFO perfrun.launcher <> - Put into the variant bag the context value: name = isL3CATAvailable; value = true
252 [139836427453376] INFO perfrun.launcher <> - Put into the variant bag the context value: name = L3CATDetails; value = COS=16;ways=20
254 [139836427453376] INFO perfrun.launcher <> - Put into the variant bag the context value: name = isL2CATAvailable; value = false
255 [139836427453376] INFO perfrun.launcher <> - Put into the variant bag the context value: name = isL3MonitoringSupportedByCPU; value = true
258 [139836427453376] INFO perfrun.launcher <> - Put into the variant bag the context value: name = LLCSize; value = 10485760
260 [139836427453376] INFO perfrun.launcher <> - Put into the variant bag the context value: name = cacheMonitoringUpscalingFactor; value = 16384
263 [139836427453376] INFO perfrun.launcher <> - Put into the variant bag the context value: name = isL3CacheOccupancyAvailable; value = true
265 [139836427453376] INFO perfrun.launcher <> - Put into the variant bag the context value: name = isL3TotalBWAvailable; value = true
268 [139836427453376] INFO perfrun.launcher <> - Put into the variant bag the context value: name = isL3LocalBWAvailable; value = true
270 [139836427453376] INFO perfrun.launcher <> - Put into the variant bag the context value: name = isTSXAvailable; value = true
273 [139836427453376] INFO perfrun.launcher <> - Put into the variant bag the context value: name = isPTAvailable; value = true
275 [139836427453376] INFO perfrun.launcher <> - Put into the variant bag the context value: name = isHTEnabled; value = false
275 [139836427453376] INFO perfrun.launcher <> - Put into the variant bag the context value: name = fpgaOnBoard; value = None
278 [139836427453376] INFO perfrun.launcher <> - Put into the variant bag the context value: name = omniPathOnBoard; value = None
281 [139836427453376] INFO perfrun.launcher <> - Put into the variant bag the context value: name = genArchOnBoard; value = 0
281 [139836427453376] INFO perfrun.launcher <> - Put into the variant bag the context value: name = pciClassParts; value = 
284 [139836427453376] INFO perfrun.launcher <> - Put into the variant bag the context value: name = tidValuesForIO; value = 
288 [139836427453376] INFO perfrun.launcher <> - Put into the variant bag the context value: name = populatedIoParts; value = 
291 [139836427453376] INFO perfrun.launcher <> - Put into the variant bag the context value: name = populatedIoUnits; value = 
293 [139836427453376] INFO perfrun.launcher <> - Put into the variant bag the context value: name = populatedTidValuesForIO; value = 
296 [139836427453376] INFO perfrun.launcher <> - Put into the variant bag the context value: name = isSGXAvailable; value = false
296 [139836427453376] INFO perfrun.launcher <> - Put into the variant bag the context value: name = LinuxRelease; value = 5.14.21-150400.24.18-default
296 [139836427453376] INFO perfrun.launcher <> - Put into the variant bag the context value: name = is3DXPPresent; value = false
296 [139836427453376] INFO perfrun.launcher <> - Put into the variant bag the context value: name = is3DXP2LMMode; value = false
296 [139836427453376] INFO perfrun.launcher <> - Put into the variant bag the context value: name = is3DXPAppDirectMode; value = false
296 [139836427453376] INFO perfrun.launcher <> - Put into the variant bag the context value: name = IsNUMANodeWithoutCPUsPresent; value = false
299 [139836427453376] INFO perfrun.launcher <> - Put into the variant bag the context value: name = Hypervisor; value = None
299 [139836427453376] INFO perfrun.launcher <> - Put into the variant bag the context value: name = PerfmonVersion; value = 3
301 [139836427453376] INFO perfrun.launcher <> - Put into the variant bag the context value: name = isMaxDRAMBandwidthMeasurementSupported; value = false
302 [139836427453376] INFO perfrun.launcher <> - Put into the variant bag the context value: name = preferedGpuAdapter; value = none
305 [139836427453376] INFO perfrun.launcher <> - Put into the variant bag the context value: name = isEHFIAvailable; value = false
307 [139836427453376] INFO perfrun.launcher <> - Put into the variant bag the context value: name = i915Status; value = MissingDriver
310 [139836427453376] INFO perfrun.launcher <> - Put into the variant bag the context value: name = isTPSSAvailable; value = true
313 [139836427453376] INFO perfrun.launcher <> - Put into the variant bag the context value: name = isPytraceAvailable; value = true
314 [139836427453376] INFO perfrun.launcher <> - Put into the variant bag the context value: name = forceShowInlines; value = false
315 [139836427453376] INFO perfrun.launcher <> - Application exit code: 0
315 [139836427453376] INFO perfrun.launcher <> - Exit code: 0
