12 [140534321652672] INFO perfrun.launcher <> - Launcher main begin
15 [140534321652672] INFO perfrun.launcher <> - MessageCatalogInit finished
15 [140534321652672] INFO perfrun.launcher <> - Launcher instance created
16 [140534321652672] INFO perfrun.launcher <> - argc = 6; cmdline = /opt/intel/oneapi/advisor/2022.1.0/bin64/advixe-runss -dump-vdso -r /tmp/advixe-tmp-iathanasi/advixe-res-21478-113446626643896 --tmp-dir /tmp/advixe-tmp-iathanasi 
66 [140534321652672] INFO perfrun.launcher <> - create msngr2::ICliToolContext
66 [140534321652672] INFO perfrun.launcher <> - create file finder object
67 [140534184830720] INFO perfrun.launcher <> - plugin [remoteplug] was disabled because it doesn't support the given collection type.
67 [140534184830720] INFO perfrun.launcher <> - plugin [system] was disabled because it doesn't support the given collection type.
67 [140534184830720] INFO perfrun.vdso <> - dumping [vdso] pseudomodule
73 [140534184830720] INFO perfrun.launcher <> - plugin [itt] was disabled because it doesn't support the given collection type.
73 [140534184830720] INFO perfrun.launcher <> - plugin [] was disabled because it doesn't support the given collection type.
73 [140534184830720] INFO perfrun.launcher <> - plugin [gpu] was disabled because it doesn't support the given collection type.
73 [140534184830720] INFO perfrun.launcher <> - plugin [] was disabled because it doesn't support the given collection type.
73 [140534184830720] INFO perfrun.launcher <> - plugin [] was disabled because it doesn't support the given collection type.
73 [140534184830720] INFO perfrun.launcher <> - plugin [] was disabled because it doesn't support the given collection type.
73 [140534184830720] INFO perfrun.launcher <> - plugin [mrte] was disabled because it doesn't support the given collection type.
73 [140534184830720] INFO perfrun.launcher <> - plugin [] was disabled because it doesn't support the given collection type.
73 [140534184830720] INFO perfrun.launcher <> - plugin [] was disabled because it doesn't support the given collection type.
73 [140534184830720] INFO perfrun.launcher <> - plugin [] was disabled because it doesn't support the given collection type.
73 [140534184830720] INFO perfrun.launcher <> - plugin [] was disabled because it doesn't support the given collection type.
73 [140534184830720] INFO perfrun.launcher <> - plugin [] was disabled because it doesn't support the given collection type.
73 [140534184830720] INFO perfrun.launcher <> - plugin [] was disabled because it doesn't support the given collection type.
73 [140534184830720] INFO perfrun.launcher <> - plugin [] was disabled because it doesn't support the given collection type.
73 [140534184830720] INFO perfrun.launcher <> - plugin [tpss] was disabled because it doesn't support the given collection type.
73 [140534184830720] INFO perfrun.launcher <> - plugin [] was disabled because it doesn't support the given collection type.
73 [140534184830720] INFO perfrun.launcher <> - plugin [] was disabled because it doesn't support the given collection type.
73 [140534184830720] INFO perfrun.launcher <> - plugin [] was disabled because it doesn't support the given collection type.
73 [140534184830720] INFO perfrun.launcher <> - plugin [] was disabled because it doesn't support the given collection type.
73 [140534184830720] INFO perfrun.launcher <> - plugin [] was disabled because it doesn't support the given collection type.
73 [140534184830720] INFO perfrun.launcher <> - plugin [] was disabled because it doesn't support the given collection type.
73 [140534184830720] INFO perfrun.launcher <> - plugin [] was disabled because it doesn't support the given collection type.
73 [140534184830720] INFO perfrun.launcher <> - plugin [] was disabled because it doesn't support the given collection type.
73 [140534184830720] INFO perfrun.launcher <> - plugin [] was disabled because it doesn't support the given collection type.
73 [140534321652672] INFO perfrun.launcher <> - Application exit code: 0
73 [140534321652672] INFO perfrun.launcher <> - Exit code: 0
