<?xml version="1.0" encoding="utf-8"?>
<log version="1.0" tool="runtool">

<msg id="1" tool="runtool">
  <type>log-start</type>
  <arg>2024/05/17 11:30:20</arg>
</msg>
<msg id="2" tool="runtool">
  <type>bandwidth-measurement-starts</type>
</msg>
<msg id="3" tool="runtool">
  <type>bandwidth-measurement-done</type>
</msg>
<msg id="4" tool="runtool">
  <type>collector-starts</type>
</msg>
<msg id="5" tool="runtool">
  <type>marker-file</type>
  <arg>/home/inf2021/iathanasi/embedded/Embedded-Systems/lab3/lsal/sw_x86/advisor/unoptimised/e000/trc000/trc000.advixe</arg>
</msg>
<msg id="6" tool="trc">
  <type>PROCESS_START</type>
  <arg>/home/inf2021/iathanasi/embedded/Embedded-Systems/lab3/lsal/sw_x86/lab_input/lsal_sw_x86_unoptimized</arg>
  <arg>14732</arg>
  <severity>INFO</severity>
  <timestamp>Fri May 17 11:30:31 2024</timestamp>
</msg>
<msg id="7" tool="trc">
  <type>PROCESS_ANALYSIS_MODE</type>
  <arg>full</arg>
  <severity>INFO</severity>
  <timestamp>Fri May 17 11:30:31 2024</timestamp>
</msg>
<msg id="8" tool="trc">
  <type>LOAD_MODULE</type>
  <arg>/home/inf2021/iathanasi/embedded/Embedded-Systems/lab3/lsal/sw_x86/lab_input/lsal_sw_x86_unoptimized</arg>
  <arg>0x400000</arg>
  <arg>0x60225f</arg>
  <arg>yes</arg>
  <severity>INFO</severity>
  <timestamp>Fri May 17 11:30:31 2024</timestamp>
</msg>
<msg id="9" tool="trc">
  <type>LOAD_MODULE</type>
  <arg>/lib64/ld-linux-x86-64.so.2</arg>
  <arg>0x7f161ee77000</arg>
  <arg>0x7f161f0a3747</arg>
  <arg>yes</arg>
  <severity>INFO</severity>
  <timestamp>Fri May 17 11:30:31 2024</timestamp>
</msg>
<msg id="10" tool="trc">
  <type>LOAD_MODULE</type>
  <arg>[vdso]</arg>
  <arg>0x7ffccb9d2000</arg>
  <arg>0x7ffccb9d304b</arg>
  <arg>no</arg>
  <severity>INFO</severity>
  <timestamp>Fri May 17 11:30:31 2024</timestamp>
</msg>
<msg id="11" tool="trc">
  <type>LOAD_MODULE</type>
  <arg>/usr/lib64/libasan.so.4</arg>
  <arg>0x7f1607c3e000</arg>
  <arg>0x7f1608bf0a67</arg>
  <arg>no</arg>
  <severity>INFO</severity>
  <timestamp>Fri May 17 11:30:31 2024</timestamp>
</msg>
<msg id="12" tool="trc">
  <type>LOAD_MODULE</type>
  <arg>/lib64/libc.so.6</arg>
  <arg>0x7f16077e0000</arg>
  <arg>0x7f1607bd4837</arg>
  <arg>yes</arg>
  <severity>INFO</severity>
  <timestamp>Fri May 17 11:30:31 2024</timestamp>
</msg>
<msg id="13" tool="trc">
  <type>LOAD_MODULE</type>
  <arg>/lib64/libdl.so.2</arg>
  <arg>0x7f1607556000</arg>
  <arg>0x7f160775912f</arg>
  <arg>yes</arg>
  <severity>INFO</severity>
  <timestamp>Fri May 17 11:30:31 2024</timestamp>
</msg>
<msg id="14" tool="trc">
  <type>LOAD_MODULE</type>
  <arg>/lib64/librt.so.1</arg>
  <arg>0x7f160734c000</arg>
  <arg>0x7f1607554bdf</arg>
  <arg>yes</arg>
  <severity>INFO</severity>
  <timestamp>Fri May 17 11:30:31 2024</timestamp>
</msg>
<msg id="15" tool="trc">
  <type>LOAD_MODULE</type>
  <arg>/lib64/libpthread.so.0</arg>
  <arg>0x7f1607118000</arg>
  <arg>0x7f160733aab7</arg>
  <arg>yes</arg>
  <severity>INFO</severity>
  <timestamp>Fri May 17 11:30:31 2024</timestamp>
</msg>
<msg id="16" tool="trc">
  <type>LOAD_MODULE</type>
  <arg>/usr/lib64/libstdc++.so.6</arg>
  <arg>0x7f1606cf5000</arg>
  <arg>0x7f160711787f</arg>
  <arg>no</arg>
  <severity>INFO</severity>
  <timestamp>Fri May 17 11:30:31 2024</timestamp>
</msg>
<msg id="17" tool="trc">
  <type>LOAD_MODULE</type>
  <arg>/lib64/libm.so.6</arg>
  <arg>0x7f16069aa000</arg>
  <arg>0x7f1606cf4a57</arg>
  <arg>yes</arg>
  <severity>INFO</severity>
  <timestamp>Fri May 17 11:30:31 2024</timestamp>
</msg>
<msg id="18" tool="trc">
  <type>LOAD_MODULE</type>
  <arg>/lib64/libgcc_s.so.1</arg>
  <arg>0x7f160677c000</arg>
  <arg>0x7f1606994447</arg>
  <arg>no</arg>
  <severity>INFO</severity>
  <timestamp>Fri May 17 11:30:31 2024</timestamp>
</msg>
<msg id="19" tool="trc">
  <type>UNLOAD_MODULE</type>
  <arg>/home/inf2021/iathanasi/embedded/Embedded-Systems/lab3/lsal/sw_x86/lab_input/lsal_sw_x86_unoptimized</arg>
  <severity>INFO</severity>
  <timestamp>Fri May 17 11:30:41 2024</timestamp>
</msg>
<msg id="20" tool="trc">
  <type>UNLOAD_MODULE</type>
  <arg>/lib64/ld-linux-x86-64.so.2</arg>
  <severity>INFO</severity>
  <timestamp>Fri May 17 11:30:41 2024</timestamp>
</msg>
<msg id="21" tool="trc">
  <type>UNLOAD_MODULE</type>
  <arg>[vdso]</arg>
  <severity>INFO</severity>
  <timestamp>Fri May 17 11:30:41 2024</timestamp>
</msg>
<msg id="22" tool="trc">
  <type>UNLOAD_MODULE</type>
  <arg>/usr/lib64/libasan.so.4</arg>
  <severity>INFO</severity>
  <timestamp>Fri May 17 11:30:41 2024</timestamp>
</msg>
<msg id="23" tool="trc">
  <type>UNLOAD_MODULE</type>
  <arg>/lib64/libc.so.6</arg>
  <severity>INFO</severity>
  <timestamp>Fri May 17 11:30:41 2024</timestamp>
</msg>
<msg id="24" tool="trc">
  <type>UNLOAD_MODULE</type>
  <arg>/lib64/libdl.so.2</arg>
  <severity>INFO</severity>
  <timestamp>Fri May 17 11:30:41 2024</timestamp>
</msg>
<msg id="25" tool="trc">
  <type>UNLOAD_MODULE</type>
  <arg>/lib64/librt.so.1</arg>
  <severity>INFO</severity>
  <timestamp>Fri May 17 11:30:41 2024</timestamp>
</msg>
<msg id="26" tool="trc">
  <type>UNLOAD_MODULE</type>
  <arg>/lib64/libpthread.so.0</arg>
  <severity>INFO</severity>
  <timestamp>Fri May 17 11:30:41 2024</timestamp>
</msg>
<msg id="27" tool="trc">
  <type>UNLOAD_MODULE</type>
  <arg>/usr/lib64/libstdc++.so.6</arg>
  <severity>INFO</severity>
  <timestamp>Fri May 17 11:30:41 2024</timestamp>
</msg>
<msg id="28" tool="trc">
  <type>UNLOAD_MODULE</type>
  <arg>/lib64/libm.so.6</arg>
  <severity>INFO</severity>
  <timestamp>Fri May 17 11:30:41 2024</timestamp>
</msg>
<msg id="29" tool="trc">
  <type>UNLOAD_MODULE</type>
  <arg>/lib64/libgcc_s.so.1</arg>
  <severity>INFO</severity>
  <timestamp>Fri May 17 11:30:41 2024</timestamp>
</msg>
<msg id="30" tool="trc">
  <type>PROCESS_FINISH</type>
  <arg>/home/inf2021/iathanasi/embedded/Embedded-Systems/lab3/lsal/sw_x86/lab_input/lsal_sw_x86_unoptimized</arg>
  <arg>14732</arg>
  <arg>0x0</arg>
  <severity>INFO</severity>
  <timestamp>Fri May 17 11:30:41 2024</timestamp>
</msg>
<msg id="31" tool="runtool">
  <type>app-exit-code</type>
  <arg>0</arg>
</msg>
<msg id="32" tool="runtool">
  <type>marker-file</type>
  <arg>/home/inf2021/iathanasi/embedded/Embedded-Systems/lab3/lsal/sw_x86/advisor/unoptimised/e000/trc000/trc000.advixe</arg>
</msg>
<msg id="33" tool="runtool">
  <type>collector-done</type>
</msg>
<msg id="34" tool="runtool">
  <type>log-end</type>
  <arg>2024/05/17 11:30:45</arg>
</msg>

</log>

